Error: Connection lost: The server closed the connection.
    at Protocol.end (C:\Users\Administrator\Desktop\express\node_modules\mysql\lib\protocol\Protocol.js:112:13)
    at Socket.<anonymous> (C:\Users\Administrator\Desktop\express\node_modules\mysql\lib\Connection.js:94:28)
    at Socket.<anonymous> (C:\Users\Administrator\Desktop\express\node_modules\mysql\lib\Connection.js:526:10)
    at Socket.emit (events.js:327:22)
    at endReadableNT (_stream_readable.js:1220:12)
    at processTicksAndRejections (internal/process/task_queues.js:84:21)
Error: Connection lost: The server closed the connection.
    at Protocol.end (C:\Users\Administrator\Desktop\express\node_modules\mysql\lib\protocol\Protocol.js:112:13)
    at Socket.<anonymous> (C:\Users\Administrator\Desktop\express\node_modules\mysql\lib\Connection.js:94:28)
    at Socket.<anonymous> (C:\Users\Administrator\Desktop\express\node_modules\mysql\lib\Connection.js:526:10)
    at Socket.emit (events.js:327:22)
    at endReadableNT (_stream_readable.js:1220:12)
    at processTicksAndRejections (internal/process/task_queues.js:84:21)
2020-09-17 11:57:29: Error: No default engine was specified and no extension was provided.
    at new View (C:\Users\Administrator\Desktop\express\node_modules\express\lib\view.js:61:11)
    at Function.render (C:\Users\Administrator\Desktop\express\node_modules\express\lib\application.js:570:12)
    at ServerResponse.render (C:\Users\Administrator\Desktop\express\node_modules\express\lib\response.js:1008:7)
    at C:\Users\Administrator\Desktop\express\app.js:55:7
    at Layer.handle_error (C:\Users\Administrator\Desktop\express\node_modules\express\lib\router\layer.js:71:5)
    at trim_prefix (C:\Users\Administrator\Desktop\express\node_modules\express\lib\router\index.js:315:13)
    at C:\Users\Administrator\Desktop\express\node_modules\express\lib\router\index.js:284:7
    at Function.process_params (C:\Users\Administrator\Desktop\express\node_modules\express\lib\router\index.js:335:12)
    at next (C:\Users\Administrator\Desktop\express\node_modules\express\lib\router\index.js:275:10)
    at C:\Users\Administrator\Desktop\express\app.js:44:3
2020-09-17 12:36:29: Error: No default engine was specified and no extension was provided.
    at new View (C:\Users\Administrator\Desktop\express\node_modules\express\lib\view.js:61:11)
    at Function.render (C:\Users\Administrator\Desktop\express\node_modules\express\lib\application.js:570:12)
    at ServerResponse.render (C:\Users\Administrator\Desktop\express\node_modules\express\lib\response.js:1008:7)
    at C:\Users\Administrator\Desktop\express\app.js:55:7
    at Layer.handle_error (C:\Users\Administrator\Desktop\express\node_modules\express\lib\router\layer.js:71:5)
    at trim_prefix (C:\Users\Administrator\Desktop\express\node_modules\express\lib\router\index.js:315:13)
    at C:\Users\Administrator\Desktop\express\node_modules\express\lib\router\index.js:284:7
    at Function.process_params (C:\Users\Administrator\Desktop\express\node_modules\express\lib\router\index.js:335:12)
    at next (C:\Users\Administrator\Desktop\express\node_modules\express\lib\router\index.js:275:10)
    at C:\Users\Administrator\Desktop\express\app.js:44:3
2020-09-17 12:36:29: Error: No default engine was specified and no extension was provided.
    at new View (C:\Users\Administrator\Desktop\express\node_modules\express\lib\view.js:61:11)
    at Function.render (C:\Users\Administrator\Desktop\express\node_modules\express\lib\application.js:570:12)
    at ServerResponse.render (C:\Users\Administrator\Desktop\express\node_modules\express\lib\response.js:1008:7)
    at C:\Users\Administrator\Desktop\express\app.js:55:7
    at Layer.handle_error (C:\Users\Administrator\Desktop\express\node_modules\express\lib\router\layer.js:71:5)
    at trim_prefix (C:\Users\Administrator\Desktop\express\node_modules\express\lib\router\index.js:315:13)
    at C:\Users\Administrator\Desktop\express\node_modules\express\lib\router\index.js:284:7
    at Function.process_params (C:\Users\Administrator\Desktop\express\node_modules\express\lib\router\index.js:335:12)
    at next (C:\Users\Administrator\Desktop\express\node_modules\express\lib\router\index.js:275:10)
    at C:\Users\Administrator\Desktop\express\app.js:44:3
2020-09-17 12:36:29: Error: No default engine was specified and no extension was provided.
    at new View (C:\Users\Administrator\Desktop\express\node_modules\express\lib\view.js:61:11)
    at Function.render (C:\Users\Administrator\Desktop\express\node_modules\express\lib\application.js:570:12)
    at ServerResponse.render (C:\Users\Administrator\Desktop\express\node_modules\express\lib\response.js:1008:7)
    at C:\Users\Administrator\Desktop\express\app.js:55:7
    at Layer.handle_error (C:\Users\Administrator\Desktop\express\node_modules\express\lib\router\layer.js:71:5)
    at trim_prefix (C:\Users\Administrator\Desktop\express\node_modules\express\lib\router\index.js:315:13)
    at C:\Users\Administrator\Desktop\express\node_modules\express\lib\router\index.js:284:7
    at Function.process_params (C:\Users\Administrator\Desktop\express\node_modules\express\lib\router\index.js:335:12)
    at next (C:\Users\Administrator\Desktop\express\node_modules\express\lib\router\index.js:275:10)
    at C:\Users\Administrator\Desktop\express\app.js:44:3
Error: Connection lost: The server closed the connection.
    at Protocol.end (C:\Users\Administrator\Desktop\express\node_modules\mysql\lib\protocol\Protocol.js:112:13)
    at Socket.<anonymous> (C:\Users\Administrator\Desktop\express\node_modules\mysql\lib\Connection.js:94:28)
    at Socket.<anonymous> (C:\Users\Administrator\Desktop\express\node_modules\mysql\lib\Connection.js:526:10)
    at Socket.emit (events.js:327:22)
    at endReadableNT (_stream_readable.js:1220:12)
    at processTicksAndRejections (internal/process/task_queues.js:84:21)
Error: Connection lost: The server closed the connection.
    at Protocol.end (C:\Users\Administrator\Desktop\express\node_modules\mysql\lib\protocol\Protocol.js:112:13)
    at Socket.<anonymous> (C:\Users\Administrator\Desktop\express\node_modules\mysql\lib\Connection.js:94:28)
    at Socket.<anonymous> (C:\Users\Administrator\Desktop\express\node_modules\mysql\lib\Connection.js:526:10)
    at Socket.emit (events.js:327:22)
    at endReadableNT (_stream_readable.js:1220:12)
    at processTicksAndRejections (internal/process/task_queues.js:84:21)
2020-09-18 04:31:55: Error: No default engine was specified and no extension was provided.
    at new View (C:\Users\Administrator\Desktop\express\node_modules\express\lib\view.js:61:11)
    at Function.render (C:\Users\Administrator\Desktop\express\node_modules\express\lib\application.js:570:12)
    at ServerResponse.render (C:\Users\Administrator\Desktop\express\node_modules\express\lib\response.js:1008:7)
    at C:\Users\Administrator\Desktop\express\app.js:55:7
    at Layer.handle_error (C:\Users\Administrator\Desktop\express\node_modules\express\lib\router\layer.js:71:5)
    at trim_prefix (C:\Users\Administrator\Desktop\express\node_modules\express\lib\router\index.js:315:13)
    at C:\Users\Administrator\Desktop\express\node_modules\express\lib\router\index.js:284:7
    at Function.process_params (C:\Users\Administrator\Desktop\express\node_modules\express\lib\router\index.js:335:12)
    at next (C:\Users\Administrator\Desktop\express\node_modules\express\lib\router\index.js:275:10)
    at C:\Users\Administrator\Desktop\express\app.js:44:3
2020-09-18 07:13:39: Error: No default engine was specified and no extension was provided.
    at new View (C:\Users\Administrator\Desktop\express\node_modules\express\lib\view.js:61:11)
    at Function.render (C:\Users\Administrator\Desktop\express\node_modules\express\lib\application.js:570:12)
    at ServerResponse.render (C:\Users\Administrator\Desktop\express\node_modules\express\lib\response.js:1008:7)
    at C:\Users\Administrator\Desktop\express\app.js:55:7
    at Layer.handle_error (C:\Users\Administrator\Desktop\express\node_modules\express\lib\router\layer.js:71:5)
    at trim_prefix (C:\Users\Administrator\Desktop\express\node_modules\express\lib\router\index.js:315:13)
    at C:\Users\Administrator\Desktop\express\node_modules\express\lib\router\index.js:284:7
    at Function.process_params (C:\Users\Administrator\Desktop\express\node_modules\express\lib\router\index.js:335:12)
    at next (C:\Users\Administrator\Desktop\express\node_modules\express\lib\router\index.js:275:10)
    at C:\Users\Administrator\Desktop\express\app.js:44:3
Error: Connection lost: The server closed the connection.
    at Protocol.end (C:\Users\Administrator\Desktop\express\node_modules\mysql\lib\protocol\Protocol.js:112:13)
    at Socket.<anonymous> (C:\Users\Administrator\Desktop\express\node_modules\mysql\lib\Connection.js:94:28)
    at Socket.<anonymous> (C:\Users\Administrator\Desktop\express\node_modules\mysql\lib\Connection.js:526:10)
    at Socket.emit (events.js:327:22)
    at endReadableNT (_stream_readable.js:1220:12)
    at processTicksAndRejections (internal/process/task_queues.js:84:21)
Error: Connection lost: The server closed the connection.
    at Protocol.end (C:\Users\Administrator\Desktop\express\node_modules\mysql\lib\protocol\Protocol.js:112:13)
    at Socket.<anonymous> (C:\Users\Administrator\Desktop\express\node_modules\mysql\lib\Connection.js:94:28)
    at Socket.<anonymous> (C:\Users\Administrator\Desktop\express\node_modules\mysql\lib\Connection.js:526:10)
    at Socket.emit (events.js:327:22)
    at endReadableNT (_stream_readable.js:1220:12)
    at processTicksAndRejections (internal/process/task_queues.js:84:21)
Error: Connection lost: The server closed the connection.
    at Protocol.end (C:\Users\Administrator\Desktop\express\node_modules\mysql\lib\protocol\Protocol.js:112:13)
    at Socket.<anonymous> (C:\Users\Administrator\Desktop\express\node_modules\mysql\lib\Connection.js:94:28)
    at Socket.<anonymous> (C:\Users\Administrator\Desktop\express\node_modules\mysql\lib\Connection.js:526:10)
    at Socket.emit (events.js:327:22)
    at endReadableNT (_stream_readable.js:1220:12)
    at processTicksAndRejections (internal/process/task_queues.js:84:21)
2020-09-19 06:56:17: Error: No default engine was specified and no extension was provided.
    at new View (C:\Users\Administrator\Desktop\express\node_modules\express\lib\view.js:61:11)
    at Function.render (C:\Users\Administrator\Desktop\express\node_modules\express\lib\application.js:570:12)
    at ServerResponse.render (C:\Users\Administrator\Desktop\express\node_modules\express\lib\response.js:1008:7)
    at C:\Users\Administrator\Desktop\express\app.js:55:7
    at Layer.handle_error (C:\Users\Administrator\Desktop\express\node_modules\express\lib\router\layer.js:71:5)
    at trim_prefix (C:\Users\Administrator\Desktop\express\node_modules\express\lib\router\index.js:315:13)
    at C:\Users\Administrator\Desktop\express\node_modules\express\lib\router\index.js:284:7
    at Function.process_params (C:\Users\Administrator\Desktop\express\node_modules\express\lib\router\index.js:335:12)
    at next (C:\Users\Administrator\Desktop\express\node_modules\express\lib\router\index.js:275:10)
    at C:\Users\Administrator\Desktop\express\app.js:44:3
Error: Connection lost: The server closed the connection.
    at Protocol.end (C:\Users\Administrator\Desktop\express\node_modules\mysql\lib\protocol\Protocol.js:112:13)
    at Socket.<anonymous> (C:\Users\Administrator\Desktop\express\node_modules\mysql\lib\Connection.js:94:28)
    at Socket.<anonymous> (C:\Users\Administrator\Desktop\express\node_modules\mysql\lib\Connection.js:526:10)
    at Socket.emit (events.js:327:22)
    at endReadableNT (_stream_readable.js:1220:12)
    at processTicksAndRejections (internal/process/task_queues.js:84:21)
Error: Connection lost: The server closed the connection.
    at Protocol.end (C:\Users\Administrator\Desktop\express\node_modules\mysql\lib\protocol\Protocol.js:112:13)
    at Socket.<anonymous> (C:\Users\Administrator\Desktop\express\node_modules\mysql\lib\Connection.js:94:28)
    at Socket.<anonymous> (C:\Users\Administrator\Desktop\express\node_modules\mysql\lib\Connection.js:526:10)
    at Socket.emit (events.js:327:22)
    at endReadableNT (_stream_readable.js:1220:12)
    at processTicksAndRejections (internal/process/task_queues.js:84:21)
Error: Connection lost: The server closed the connection.
    at Protocol.end (C:\Users\Administrator\Desktop\express\node_modules\mysql\lib\protocol\Protocol.js:112:13)
    at Socket.<anonymous> (C:\Users\Administrator\Desktop\express\node_modules\mysql\lib\Connection.js:94:28)
    at Socket.<anonymous> (C:\Users\Administrator\Desktop\express\node_modules\mysql\lib\Connection.js:526:10)
    at Socket.emit (events.js:327:22)
    at endReadableNT (_stream_readable.js:1220:12)
    at processTicksAndRejections (internal/process/task_queues.js:84:21)
2020-09-20 07:27:16: Error: No default engine was specified and no extension was provided.
    at new View (C:\Users\Administrator\Desktop\express\node_modules\express\lib\view.js:61:11)
    at Function.render (C:\Users\Administrator\Desktop\express\node_modules\express\lib\application.js:570:12)
    at ServerResponse.render (C:\Users\Administrator\Desktop\express\node_modules\express\lib\response.js:1008:7)
    at C:\Users\Administrator\Desktop\express\app.js:55:7
    at Layer.handle_error (C:\Users\Administrator\Desktop\express\node_modules\express\lib\router\layer.js:71:5)
    at trim_prefix (C:\Users\Administrator\Desktop\express\node_modules\express\lib\router\index.js:315:13)
    at C:\Users\Administrator\Desktop\express\node_modules\express\lib\router\index.js:284:7
    at Function.process_params (C:\Users\Administrator\Desktop\express\node_modules\express\lib\router\index.js:335:12)
    at next (C:\Users\Administrator\Desktop\express\node_modules\express\lib\router\index.js:275:10)
    at C:\Users\Administrator\Desktop\express\app.js:44:3
Error: Connection lost: The server closed the connection.
    at Protocol.end (C:\Users\Administrator\Desktop\express\node_modules\mysql\lib\protocol\Protocol.js:112:13)
    at Socket.<anonymous> (C:\Users\Administrator\Desktop\express\node_modules\mysql\lib\Connection.js:94:28)
    at Socket.<anonymous> (C:\Users\Administrator\Desktop\express\node_modules\mysql\lib\Connection.js:526:10)
    at Socket.emit (events.js:327:22)
    at endReadableNT (_stream_readable.js:1220:12)
    at processTicksAndRejections (internal/process/task_queues.js:84:21)
Error: Connection lost: The server closed the connection.
    at Protocol.end (C:\Users\Administrator\Desktop\express\node_modules\mysql\lib\protocol\Protocol.js:112:13)
    at Socket.<anonymous> (C:\Users\Administrator\Desktop\express\node_modules\mysql\lib\Connection.js:94:28)
    at Socket.<anonymous> (C:\Users\Administrator\Desktop\express\node_modules\mysql\lib\Connection.js:526:10)
    at Socket.emit (events.js:327:22)
    at endReadableNT (_stream_readable.js:1220:12)
    at processTicksAndRejections (internal/process/task_queues.js:84:21)
Error: Connection lost: The server closed the connection.
    at Protocol.end (C:\Users\Administrator\Desktop\express\node_modules\mysql\lib\protocol\Protocol.js:112:13)
    at Socket.<anonymous> (C:\Users\Administrator\Desktop\express\node_modules\mysql\lib\Connection.js:94:28)
    at Socket.<anonymous> (C:\Users\Administrator\Desktop\express\node_modules\mysql\lib\Connection.js:526:10)
    at Socket.emit (events.js:327:22)
    at endReadableNT (_stream_readable.js:1220:12)
    at processTicksAndRejections (internal/process/task_queues.js:84:21)
Error: Connection lost: The server closed the connection.
    at Protocol.end (C:\Users\Administrator\Desktop\express\node_modules\mysql\lib\protocol\Protocol.js:112:13)
    at Socket.<anonymous> (C:\Users\Administrator\Desktop\express\node_modules\mysql\lib\Connection.js:94:28)
    at Socket.<anonymous> (C:\Users\Administrator\Desktop\express\node_modules\mysql\lib\Connection.js:526:10)
    at Socket.emit (events.js:327:22)
    at endReadableNT (_stream_readable.js:1220:12)
    at processTicksAndRejections (internal/process/task_queues.js:84:21)
Error: Connection lost: The server closed the connection.
    at Protocol.end (C:\Users\Administrator\Desktop\express\node_modules\mysql\lib\protocol\Protocol.js:112:13)
    at Socket.<anonymous> (C:\Users\Administrator\Desktop\express\node_modules\mysql\lib\Connection.js:94:28)
    at Socket.<anonymous> (C:\Users\Administrator\Desktop\express\node_modules\mysql\lib\Connection.js:526:10)
    at Socket.emit (events.js:327:22)
    at endReadableNT (_stream_readable.js:1220:12)
    at processTicksAndRejections (internal/process/task_queues.js:84:21)
Error: Connection lost: The server closed the connection.
    at Protocol.end (C:\Users\Administrator\Desktop\express\node_modules\mysql\lib\protocol\Protocol.js:112:13)
    at Socket.<anonymous> (C:\Users\Administrator\Desktop\express\node_modules\mysql\lib\Connection.js:94:28)
    at Socket.<anonymous> (C:\Users\Administrator\Desktop\express\node_modules\mysql\lib\Connection.js:526:10)
    at Socket.emit (events.js:327:22)
    at endReadableNT (_stream_readable.js:1220:12)
    at processTicksAndRejections (internal/process/task_queues.js:84:21)
Error: Connection lost: The server closed the connection.
    at Protocol.end (C:\Users\Administrator\Desktop\express\node_modules\mysql\lib\protocol\Protocol.js:112:13)
    at Socket.<anonymous> (C:\Users\Administrator\Desktop\express\node_modules\mysql\lib\Connection.js:94:28)
    at Socket.<anonymous> (C:\Users\Administrator\Desktop\express\node_modules\mysql\lib\Connection.js:526:10)
    at Socket.emit (events.js:327:22)
    at endReadableNT (_stream_readable.js:1220:12)
    at processTicksAndRejections (internal/process/task_queues.js:84:21)
Error: Connection lost: The server closed the connection.
    at Protocol.end (C:\Users\Administrator\Desktop\express\node_modules\mysql\lib\protocol\Protocol.js:112:13)
    at Socket.<anonymous> (C:\Users\Administrator\Desktop\express\node_modules\mysql\lib\Connection.js:94:28)
    at Socket.<anonymous> (C:\Users\Administrator\Desktop\express\node_modules\mysql\lib\Connection.js:526:10)
    at Socket.emit (events.js:327:22)
    at endReadableNT (_stream_readable.js:1220:12)
    at processTicksAndRejections (internal/process/task_queues.js:84:21)
2020-09-23 04:55:39: Error: No default engine was specified and no extension was provided.
    at new View (C:\Users\Administrator\Desktop\express\node_modules\express\lib\view.js:61:11)
    at Function.render (C:\Users\Administrator\Desktop\express\node_modules\express\lib\application.js:570:12)
    at ServerResponse.render (C:\Users\Administrator\Desktop\express\node_modules\express\lib\response.js:1008:7)
    at C:\Users\Administrator\Desktop\express\app.js:55:7
    at Layer.handle_error (C:\Users\Administrator\Desktop\express\node_modules\express\lib\router\layer.js:71:5)
    at trim_prefix (C:\Users\Administrator\Desktop\express\node_modules\express\lib\router\index.js:315:13)
    at C:\Users\Administrator\Desktop\express\node_modules\express\lib\router\index.js:284:7
    at Function.process_params (C:\Users\Administrator\Desktop\express\node_modules\express\lib\router\index.js:335:12)
    at next (C:\Users\Administrator\Desktop\express\node_modules\express\lib\router\index.js:275:10)
    at C:\Users\Administrator\Desktop\express\app.js:44:3
2020-09-23 04:55:39: Error: No default engine was specified and no extension was provided.
    at new View (C:\Users\Administrator\Desktop\express\node_modules\express\lib\view.js:61:11)
    at Function.render (C:\Users\Administrator\Desktop\express\node_modules\express\lib\application.js:570:12)
    at ServerResponse.render (C:\Users\Administrator\Desktop\express\node_modules\express\lib\response.js:1008:7)
    at C:\Users\Administrator\Desktop\express\app.js:55:7
    at Layer.handle_error (C:\Users\Administrator\Desktop\express\node_modules\express\lib\router\layer.js:71:5)
    at trim_prefix (C:\Users\Administrator\Desktop\express\node_modules\express\lib\router\index.js:315:13)
    at C:\Users\Administrator\Desktop\express\node_modules\express\lib\router\index.js:284:7
    at Function.process_params (C:\Users\Administrator\Desktop\express\node_modules\express\lib\router\index.js:335:12)
    at next (C:\Users\Administrator\Desktop\express\node_modules\express\lib\router\index.js:275:10)
    at C:\Users\Administrator\Desktop\express\app.js:44:3
2020-09-23 04:55:39: Error: No default engine was specified and no extension was provided.
    at new View (C:\Users\Administrator\Desktop\express\node_modules\express\lib\view.js:61:11)
    at Function.render (C:\Users\Administrator\Desktop\express\node_modules\express\lib\application.js:570:12)
    at ServerResponse.render (C:\Users\Administrator\Desktop\express\node_modules\express\lib\response.js:1008:7)
    at C:\Users\Administrator\Desktop\express\app.js:55:7
    at Layer.handle_error (C:\Users\Administrator\Desktop\express\node_modules\express\lib\router\layer.js:71:5)
    at trim_prefix (C:\Users\Administrator\Desktop\express\node_modules\express\lib\router\index.js:315:13)
    at C:\Users\Administrator\Desktop\express\node_modules\express\lib\router\index.js:284:7
    at Function.process_params (C:\Users\Administrator\Desktop\express\node_modules\express\lib\router\index.js:335:12)
    at next (C:\Users\Administrator\Desktop\express\node_modules\express\lib\router\index.js:275:10)
    at C:\Users\Administrator\Desktop\express\app.js:44:3
2020-09-23 04:55:39: Error: No default engine was specified and no extension was provided.
    at new View (C:\Users\Administrator\Desktop\express\node_modules\express\lib\view.js:61:11)
    at Function.render (C:\Users\Administrator\Desktop\express\node_modules\express\lib\application.js:570:12)
    at ServerResponse.render (C:\Users\Administrator\Desktop\express\node_modules\express\lib\response.js:1008:7)
    at C:\Users\Administrator\Desktop\express\app.js:55:7
    at Layer.handle_error (C:\Users\Administrator\Desktop\express\node_modules\express\lib\router\layer.js:71:5)
    at trim_prefix (C:\Users\Administrator\Desktop\express\node_modules\express\lib\router\index.js:315:13)
    at C:\Users\Administrator\Desktop\express\node_modules\express\lib\router\index.js:284:7
    at Function.process_params (C:\Users\Administrator\Desktop\express\node_modules\express\lib\router\index.js:335:12)
    at next (C:\Users\Administrator\Desktop\express\node_modules\express\lib\router\index.js:275:10)
    at C:\Users\Administrator\Desktop\express\app.js:44:3
2020-09-23 04:55:39: Error: No default engine was specified and no extension was provided.
    at new View (C:\Users\Administrator\Desktop\express\node_modules\express\lib\view.js:61:11)
    at Function.render (C:\Users\Administrator\Desktop\express\node_modules\express\lib\application.js:570:12)
    at ServerResponse.render (C:\Users\Administrator\Desktop\express\node_modules\express\lib\response.js:1008:7)
    at C:\Users\Administrator\Desktop\express\app.js:55:7
    at Layer.handle_error (C:\Users\Administrator\Desktop\express\node_modules\express\lib\router\layer.js:71:5)
    at trim_prefix (C:\Users\Administrator\Desktop\express\node_modules\express\lib\router\index.js:315:13)
    at C:\Users\Administrator\Desktop\express\node_modules\express\lib\router\index.js:284:7
    at Function.process_params (C:\Users\Administrator\Desktop\express\node_modules\express\lib\router\index.js:335:12)
    at next (C:\Users\Administrator\Desktop\express\node_modules\express\lib\router\index.js:275:10)
    at C:\Users\Administrator\Desktop\express\app.js:44:3
2020-09-23 04:55:39: Error: No default engine was specified and no extension was provided.
    at new View (C:\Users\Administrator\Desktop\express\node_modules\express\lib\view.js:61:11)
    at Function.render (C:\Users\Administrator\Desktop\express\node_modules\express\lib\application.js:570:12)
    at ServerResponse.render (C:\Users\Administrator\Desktop\express\node_modules\express\lib\response.js:1008:7)
    at C:\Users\Administrator\Desktop\express\app.js:55:7
    at Layer.handle_error (C:\Users\Administrator\Desktop\express\node_modules\express\lib\router\layer.js:71:5)
    at trim_prefix (C:\Users\Administrator\Desktop\express\node_modules\express\lib\router\index.js:315:13)
    at C:\Users\Administrator\Desktop\express\node_modules\express\lib\router\index.js:284:7
    at Function.process_params (C:\Users\Administrator\Desktop\express\node_modules\express\lib\router\index.js:335:12)
    at next (C:\Users\Administrator\Desktop\express\node_modules\express\lib\router\index.js:275:10)
    at C:\Users\Administrator\Desktop\express\app.js:44:3
2020-09-23 04:55:39: Error: No default engine was specified and no extension was provided.
    at new View (C:\Users\Administrator\Desktop\express\node_modules\express\lib\view.js:61:11)
    at Function.render (C:\Users\Administrator\Desktop\express\node_modules\express\lib\application.js:570:12)
    at ServerResponse.render (C:\Users\Administrator\Desktop\express\node_modules\express\lib\response.js:1008:7)
    at C:\Users\Administrator\Desktop\express\app.js:55:7
    at Layer.handle_error (C:\Users\Administrator\Desktop\express\node_modules\express\lib\router\layer.js:71:5)
    at trim_prefix (C:\Users\Administrator\Desktop\express\node_modules\express\lib\router\index.js:315:13)
    at C:\Users\Administrator\Desktop\express\node_modules\express\lib\router\index.js:284:7
    at Function.process_params (C:\Users\Administrator\Desktop\express\node_modules\express\lib\router\index.js:335:12)
    at next (C:\Users\Administrator\Desktop\express\node_modules\express\lib\router\index.js:275:10)
    at C:\Users\Administrator\Desktop\express\app.js:44:3
Error: Connection lost: The server closed the connection.
    at Protocol.end (C:\Users\Administrator\Desktop\express\node_modules\mysql\lib\protocol\Protocol.js:112:13)
    at Socket.<anonymous> (C:\Users\Administrator\Desktop\express\node_modules\mysql\lib\Connection.js:94:28)
    at Socket.<anonymous> (C:\Users\Administrator\Desktop\express\node_modules\mysql\lib\Connection.js:526:10)
    at Socket.emit (events.js:327:22)
    at endReadableNT (_stream_readable.js:1220:12)
    at processTicksAndRejections (internal/process/task_queues.js:84:21)
Error: Connection lost: The server closed the connection.
    at Protocol.end (C:\Users\Administrator\Desktop\express\node_modules\mysql\lib\protocol\Protocol.js:112:13)
    at Socket.<anonymous> (C:\Users\Administrator\Desktop\express\node_modules\mysql\lib\Connection.js:94:28)
    at Socket.<anonymous> (C:\Users\Administrator\Desktop\express\node_modules\mysql\lib\Connection.js:526:10)
    at Socket.emit (events.js:327:22)
    at endReadableNT (_stream_readable.js:1220:12)
    at processTicksAndRejections (internal/process/task_queues.js:84:21)
Error: Connection lost: The server closed the connection.
    at Protocol.end (C:\Users\Administrator\Desktop\express\node_modules\mysql\lib\protocol\Protocol.js:112:13)
    at Socket.<anonymous> (C:\Users\Administrator\Desktop\express\node_modules\mysql\lib\Connection.js:94:28)
    at Socket.<anonymous> (C:\Users\Administrator\Desktop\express\node_modules\mysql\lib\Connection.js:526:10)
    at Socket.emit (events.js:327:22)
    at endReadableNT (_stream_readable.js:1220:12)
    at processTicksAndRejections (internal/process/task_queues.js:84:21)
Error: Connection lost: The server closed the connection.
    at Protocol.end (C:\Users\Administrator\Desktop\express\node_modules\mysql\lib\protocol\Protocol.js:112:13)
    at Socket.<anonymous> (C:\Users\Administrator\Desktop\express\node_modules\mysql\lib\Connection.js:94:28)
    at Socket.<anonymous> (C:\Users\Administrator\Desktop\express\node_modules\mysql\lib\Connection.js:526:10)
    at Socket.emit (events.js:327:22)
    at endReadableNT (_stream_readable.js:1220:12)
    at processTicksAndRejections (internal/process/task_queues.js:84:21)
Error: Connection lost: The server closed the connection.
    at Protocol.end (C:\Users\Administrator\Desktop\express\node_modules\mysql\lib\protocol\Protocol.js:112:13)
    at Socket.<anonymous> (C:\Users\Administrator\Desktop\express\node_modules\mysql\lib\Connection.js:94:28)
    at Socket.<anonymous> (C:\Users\Administrator\Desktop\express\node_modules\mysql\lib\Connection.js:526:10)
    at Socket.emit (events.js:327:22)
    at endReadableNT (_stream_readable.js:1220:12)
    at processTicksAndRejections (internal/process/task_queues.js:84:21)
Error: Connection lost: The server closed the connection.
    at Protocol.end (C:\Users\Administrator\Desktop\express\node_modules\mysql\lib\protocol\Protocol.js:112:13)
    at Socket.<anonymous> (C:\Users\Administrator\Desktop\express\node_modules\mysql\lib\Connection.js:94:28)
    at Socket.<anonymous> (C:\Users\Administrator\Desktop\express\node_modules\mysql\lib\Connection.js:526:10)
    at Socket.emit (events.js:327:22)
    at endReadableNT (_stream_readable.js:1220:12)
    at processTicksAndRejections (internal/process/task_queues.js:84:21)
Error: Connection lost: The server closed the connection.
    at Protocol.end (C:\Users\Administrator\Desktop\express\node_modules\mysql\lib\protocol\Protocol.js:112:13)
    at Socket.<anonymous> (C:\Users\Administrator\Desktop\express\node_modules\mysql\lib\Connection.js:94:28)
    at Socket.<anonymous> (C:\Users\Administrator\Desktop\express\node_modules\mysql\lib\Connection.js:526:10)
    at Socket.emit (events.js:327:22)
    at endReadableNT (_stream_readable.js:1220:12)
    at processTicksAndRejections (internal/process/task_queues.js:84:21)
Error: Connection lost: The server closed the connection.
    at Protocol.end (C:\Users\Administrator\Desktop\express\node_modules\mysql\lib\protocol\Protocol.js:112:13)
    at Socket.<anonymous> (C:\Users\Administrator\Desktop\express\node_modules\mysql\lib\Connection.js:94:28)
    at Socket.<anonymous> (C:\Users\Administrator\Desktop\express\node_modules\mysql\lib\Connection.js:526:10)
    at Socket.emit (events.js:327:22)
    at endReadableNT (_stream_readable.js:1220:12)
    at processTicksAndRejections (internal/process/task_queues.js:84:21)
Error: Connection lost: The server closed the connection.
    at Protocol.end (C:\Users\Administrator\Desktop\express\node_modules\mysql\lib\protocol\Protocol.js:112:13)
    at Socket.<anonymous> (C:\Users\Administrator\Desktop\express\node_modules\mysql\lib\Connection.js:94:28)
    at Socket.<anonymous> (C:\Users\Administrator\Desktop\express\node_modules\mysql\lib\Connection.js:526:10)
    at Socket.emit (events.js:327:22)
    at endReadableNT (_stream_readable.js:1220:12)
    at processTicksAndRejections (internal/process/task_queues.js:84:21)
Error: Connection lost: The server closed the connection.
    at Protocol.end (C:\Users\Administrator\Desktop\express\node_modules\mysql\lib\protocol\Protocol.js:112:13)
    at Socket.<anonymous> (C:\Users\Administrator\Desktop\express\node_modules\mysql\lib\Connection.js:94:28)
    at Socket.<anonymous> (C:\Users\Administrator\Desktop\express\node_modules\mysql\lib\Connection.js:526:10)
    at Socket.emit (events.js:327:22)
    at endReadableNT (_stream_readable.js:1220:12)
    at processTicksAndRejections (internal/process/task_queues.js:84:21)
Error: Connection lost: The server closed the connection.
    at Protocol.end (C:\Users\Administrator\Desktop\express\node_modules\mysql\lib\protocol\Protocol.js:112:13)
    at Socket.<anonymous> (C:\Users\Administrator\Desktop\express\node_modules\mysql\lib\Connection.js:94:28)
    at Socket.<anonymous> (C:\Users\Administrator\Desktop\express\node_modules\mysql\lib\Connection.js:526:10)
    at Socket.emit (events.js:327:22)
    at endReadableNT (_stream_readable.js:1220:12)
    at processTicksAndRejections (internal/process/task_queues.js:84:21)
Error: Connection lost: The server closed the connection.
    at Protocol.end (C:\Users\Administrator\Desktop\express\node_modules\mysql\lib\protocol\Protocol.js:112:13)
    at Socket.<anonymous> (C:\Users\Administrator\Desktop\express\node_modules\mysql\lib\Connection.js:94:28)
    at Socket.<anonymous> (C:\Users\Administrator\Desktop\express\node_modules\mysql\lib\Connection.js:526:10)
    at Socket.emit (events.js:327:22)
    at endReadableNT (_stream_readable.js:1220:12)
    at processTicksAndRejections (internal/process/task_queues.js:84:21)
Error: Connection lost: The server closed the connection.
    at Protocol.end (C:\Users\Administrator\Desktop\express\node_modules\mysql\lib\protocol\Protocol.js:112:13)
    at Socket.<anonymous> (C:\Users\Administrator\Desktop\express\node_modules\mysql\lib\Connection.js:94:28)
    at Socket.<anonymous> (C:\Users\Administrator\Desktop\express\node_modules\mysql\lib\Connection.js:526:10)
    at Socket.emit (events.js:327:22)
    at endReadableNT (_stream_readable.js:1220:12)
    at processTicksAndRejections (internal/process/task_queues.js:84:21)
Error: Connection lost: The server closed the connection.
    at Protocol.end (C:\Users\Administrator\Desktop\express\node_modules\mysql\lib\protocol\Protocol.js:112:13)
    at Socket.<anonymous> (C:\Users\Administrator\Desktop\express\node_modules\mysql\lib\Connection.js:94:28)
    at Socket.<anonymous> (C:\Users\Administrator\Desktop\express\node_modules\mysql\lib\Connection.js:526:10)
    at Socket.emit (events.js:327:22)
    at endReadableNT (_stream_readable.js:1220:12)
    at processTicksAndRejections (internal/process/task_queues.js:84:21)
Error: Connection lost: The server closed the connection.
    at Protocol.end (C:\Users\Administrator\Desktop\express\node_modules\mysql\lib\protocol\Protocol.js:112:13)
    at Socket.<anonymous> (C:\Users\Administrator\Desktop\express\node_modules\mysql\lib\Connection.js:94:28)
    at Socket.<anonymous> (C:\Users\Administrator\Desktop\express\node_modules\mysql\lib\Connection.js:526:10)
    at Socket.emit (events.js:327:22)
    at endReadableNT (_stream_readable.js:1220:12)
    at processTicksAndRejections (internal/process/task_queues.js:84:21)
Error: Connection lost: The server closed the connection.
    at Protocol.end (C:\Users\Administrator\Desktop\express\node_modules\mysql\lib\protocol\Protocol.js:112:13)
    at Socket.<anonymous> (C:\Users\Administrator\Desktop\express\node_modules\mysql\lib\Connection.js:94:28)
    at Socket.<anonymous> (C:\Users\Administrator\Desktop\express\node_modules\mysql\lib\Connection.js:526:10)
    at Socket.emit (events.js:327:22)
    at endReadableNT (_stream_readable.js:1220:12)
    at processTicksAndRejections (internal/process/task_queues.js:84:21)
