Error: Connection lost: The server closed the connection.
    at Protocol.end (C:\Users\Administrator\Desktop\blog\node_modules\mysql\lib\protocol\Protocol.js:112:13)
    at Socket.<anonymous> (C:\Users\Administrator\Desktop\blog\node_modules\mysql\lib\Connection.js:94:28)
    at Socket.<anonymous> (C:\Users\Administrator\Desktop\blog\node_modules\mysql\lib\Connection.js:526:10)
    at Socket.emit (events.js:327:22)
    at endReadableNT (_stream_readable.js:1220:12)
    at processTicksAndRejections (internal/process/task_queues.js:84:21)
Error: Connection lost: The server closed the connection.
    at Protocol.end (C:\Users\Administrator\Desktop\blog\node_modules\mysql\lib\protocol\Protocol.js:112:13)
    at Socket.<anonymous> (C:\Users\Administrator\Desktop\blog\node_modules\mysql\lib\Connection.js:94:28)
    at Socket.<anonymous> (C:\Users\Administrator\Desktop\blog\node_modules\mysql\lib\Connection.js:526:10)
    at Socket.emit (events.js:327:22)
    at endReadableNT (_stream_readable.js:1220:12)
    at processTicksAndRejections (internal/process/task_queues.js:84:21)
Error: Connection lost: The server closed the connection.
    at Protocol.end (C:\Users\Administrator\Desktop\blog\node_modules\mysql\lib\protocol\Protocol.js:112:13)
    at Socket.<anonymous> (C:\Users\Administrator\Desktop\blog\node_modules\mysql\lib\Connection.js:94:28)
    at Socket.<anonymous> (C:\Users\Administrator\Desktop\blog\node_modules\mysql\lib\Connection.js:526:10)
    at Socket.emit (events.js:327:22)
    at endReadableNT (_stream_readable.js:1220:12)
    at processTicksAndRejections (internal/process/task_queues.js:84:21)
Error: Connection lost: The server closed the connection.
    at Protocol.end (C:\Users\Administrator\Desktop\blog\node_modules\mysql\lib\protocol\Protocol.js:112:13)
    at Socket.<anonymous> (C:\Users\Administrator\Desktop\blog\node_modules\mysql\lib\Connection.js:94:28)
    at Socket.<anonymous> (C:\Users\Administrator\Desktop\blog\node_modules\mysql\lib\Connection.js:526:10)
    at Socket.emit (events.js:327:22)
    at endReadableNT (_stream_readable.js:1220:12)
    at processTicksAndRejections (internal/process/task_queues.js:84:21)
Error: Connection lost: The server closed the connection.
    at Protocol.end (C:\Users\Administrator\Desktop\blog\node_modules\mysql\lib\protocol\Protocol.js:112:13)
    at Socket.<anonymous> (C:\Users\Administrator\Desktop\blog\node_modules\mysql\lib\Connection.js:94:28)
    at Socket.<anonymous> (C:\Users\Administrator\Desktop\blog\node_modules\mysql\lib\Connection.js:526:10)
    at Socket.emit (events.js:327:22)
    at endReadableNT (_stream_readable.js:1220:12)
    at processTicksAndRejections (internal/process/task_queues.js:84:21)
Error: Connection lost: The server closed the connection.
    at Protocol.end (C:\Users\Administrator\Desktop\blog\node_modules\mysql\lib\protocol\Protocol.js:112:13)
    at Socket.<anonymous> (C:\Users\Administrator\Desktop\blog\node_modules\mysql\lib\Connection.js:94:28)
    at Socket.<anonymous> (C:\Users\Administrator\Desktop\blog\node_modules\mysql\lib\Connection.js:526:10)
    at Socket.emit (events.js:327:22)
    at endReadableNT (_stream_readable.js:1220:12)
    at processTicksAndRejections (internal/process/task_queues.js:84:21)
Error: Connection lost: The server closed the connection.
    at Protocol.end (C:\Users\Administrator\Desktop\blog\node_modules\mysql\lib\protocol\Protocol.js:112:13)
    at Socket.<anonymous> (C:\Users\Administrator\Desktop\blog\node_modules\mysql\lib\Connection.js:94:28)
    at Socket.<anonymous> (C:\Users\Administrator\Desktop\blog\node_modules\mysql\lib\Connection.js:526:10)
    at Socket.emit (events.js:327:22)
    at endReadableNT (_stream_readable.js:1220:12)
    at processTicksAndRejections (internal/process/task_queues.js:84:21)
Error: Connection lost: The server closed the connection.
    at Protocol.end (C:\Users\Administrator\Desktop\blog\node_modules\mysql\lib\protocol\Protocol.js:112:13)
    at Socket.<anonymous> (C:\Users\Administrator\Desktop\blog\node_modules\mysql\lib\Connection.js:94:28)
    at Socket.<anonymous> (C:\Users\Administrator\Desktop\blog\node_modules\mysql\lib\Connection.js:526:10)
    at Socket.emit (events.js:327:22)
    at endReadableNT (_stream_readable.js:1220:12)
    at processTicksAndRejections (internal/process/task_queues.js:84:21)
Error: Connection lost: The server closed the connection.
    at Protocol.end (C:\Users\Administrator\Desktop\blog\node_modules\mysql\lib\protocol\Protocol.js:112:13)
    at Socket.<anonymous> (C:\Users\Administrator\Desktop\blog\node_modules\mysql\lib\Connection.js:94:28)
    at Socket.<anonymous> (C:\Users\Administrator\Desktop\blog\node_modules\mysql\lib\Connection.js:526:10)
    at Socket.emit (events.js:327:22)
    at endReadableNT (_stream_readable.js:1220:12)
    at processTicksAndRejections (internal/process/task_queues.js:84:21)
