2020-09-17 02:19:35: Error: No default engine was specified and no extension was provided.
    at new View (C:\Users\Administrator\Desktop\express\node_modules\express\lib\view.js:61:11)
    at Function.render (C:\Users\Administrator\Desktop\express\node_modules\express\lib\application.js:570:12)
    at ServerResponse.render (C:\Users\Administrator\Desktop\express\node_modules\express\lib\response.js:1008:7)
    at C:\Users\Administrator\Desktop\express\app.js:55:7
    at Layer.handle_error (C:\Users\Administrator\Desktop\express\node_modules\express\lib\router\layer.js:71:5)
    at trim_prefix (C:\Users\Administrator\Desktop\express\node_modules\express\lib\router\index.js:315:13)
    at C:\Users\Administrator\Desktop\express\node_modules\express\lib\router\index.js:284:7
    at Function.process_params (C:\Users\Administrator\Desktop\express\node_modules\express\lib\router\index.js:335:12)
    at next (C:\Users\Administrator\Desktop\express\node_modules\express\lib\router\index.js:275:10)
    at C:\Users\Administrator\Desktop\express\app.js:44:3
Error: Connection lost: The server closed the connection.
    at Protocol.end (C:\Users\Administrator\Desktop\express\node_modules\mysql\lib\protocol\Protocol.js:112:13)
    at Socket.<anonymous> (C:\Users\Administrator\Desktop\express\node_modules\mysql\lib\Connection.js:94:28)
    at Socket.<anonymous> (C:\Users\Administrator\Desktop\express\node_modules\mysql\lib\Connection.js:526:10)
    at Socket.emit (events.js:327:22)
    at endReadableNT (_stream_readable.js:1220:12)
    at processTicksAndRejections (internal/process/task_queues.js:84:21)
2020-09-17 02:49:05: Error: No default engine was specified and no extension was provided.
    at new View (C:\Users\Administrator\Desktop\express\node_modules\express\lib\view.js:61:11)
    at Function.render (C:\Users\Administrator\Desktop\express\node_modules\express\lib\application.js:570:12)
    at ServerResponse.render (C:\Users\Administrator\Desktop\express\node_modules\express\lib\response.js:1008:7)
    at C:\Users\Administrator\Desktop\express\app.js:55:7
    at Layer.handle_error (C:\Users\Administrator\Desktop\express\node_modules\express\lib\router\layer.js:71:5)
    at trim_prefix (C:\Users\Administrator\Desktop\express\node_modules\express\lib\router\index.js:315:13)
    at C:\Users\Administrator\Desktop\express\node_modules\express\lib\router\index.js:284:7
    at Function.process_params (C:\Users\Administrator\Desktop\express\node_modules\express\lib\router\index.js:335:12)
    at next (C:\Users\Administrator\Desktop\express\node_modules\express\lib\router\index.js:275:10)
    at C:\Users\Administrator\Desktop\express\app.js:44:3
2020-09-17 03:37:11: Error: No default engine was specified and no extension was provided.
    at new View (C:\Users\Administrator\Desktop\express\node_modules\express\lib\view.js:61:11)
    at Function.render (C:\Users\Administrator\Desktop\express\node_modules\express\lib\application.js:570:12)
    at ServerResponse.render (C:\Users\Administrator\Desktop\express\node_modules\express\lib\response.js:1008:7)
    at C:\Users\Administrator\Desktop\express\app.js:55:7
    at Layer.handle_error (C:\Users\Administrator\Desktop\express\node_modules\express\lib\router\layer.js:71:5)
    at trim_prefix (C:\Users\Administrator\Desktop\express\node_modules\express\lib\router\index.js:315:13)
    at C:\Users\Administrator\Desktop\express\node_modules\express\lib\router\index.js:284:7
    at Function.process_params (C:\Users\Administrator\Desktop\express\node_modules\express\lib\router\index.js:335:12)
    at next (C:\Users\Administrator\Desktop\express\node_modules\express\lib\router\index.js:275:10)
    at C:\Users\Administrator\Desktop\express\app.js:44:3
2020-09-17 04:34:45: Error: No default engine was specified and no extension was provided.
    at new View (C:\Users\Administrator\Desktop\express\node_modules\express\lib\view.js:61:11)
    at Function.render (C:\Users\Administrator\Desktop\express\node_modules\express\lib\application.js:570:12)
    at ServerResponse.render (C:\Users\Administrator\Desktop\express\node_modules\express\lib\response.js:1008:7)
    at C:\Users\Administrator\Desktop\express\app.js:55:7
    at Layer.handle_error (C:\Users\Administrator\Desktop\express\node_modules\express\lib\router\layer.js:71:5)
    at trim_prefix (C:\Users\Administrator\Desktop\express\node_modules\express\lib\router\index.js:315:13)
    at C:\Users\Administrator\Desktop\express\node_modules\express\lib\router\index.js:284:7
    at Function.process_params (C:\Users\Administrator\Desktop\express\node_modules\express\lib\router\index.js:335:12)
    at next (C:\Users\Administrator\Desktop\express\node_modules\express\lib\router\index.js:275:10)
    at C:\Users\Administrator\Desktop\express\app.js:44:3
2020-09-17 05:36:52: Error: No default engine was specified and no extension was provided.
    at new View (C:\Users\Administrator\Desktop\express\node_modules\express\lib\view.js:61:11)
    at Function.render (C:\Users\Administrator\Desktop\express\node_modules\express\lib\application.js:570:12)
    at ServerResponse.render (C:\Users\Administrator\Desktop\express\node_modules\express\lib\response.js:1008:7)
    at C:\Users\Administrator\Desktop\express\app.js:55:7
    at Layer.handle_error (C:\Users\Administrator\Desktop\express\node_modules\express\lib\router\layer.js:71:5)
    at trim_prefix (C:\Users\Administrator\Desktop\express\node_modules\express\lib\router\index.js:315:13)
    at C:\Users\Administrator\Desktop\express\node_modules\express\lib\router\index.js:284:7
    at Function.process_params (C:\Users\Administrator\Desktop\express\node_modules\express\lib\router\index.js:335:12)
    at next (C:\Users\Administrator\Desktop\express\node_modules\express\lib\router\index.js:275:10)
    at C:\Users\Administrator\Desktop\express\app.js:44:3
2020-09-17 08:08:50: Error: No default engine was specified and no extension was provided.
    at new View (C:\Users\Administrator\Desktop\express\node_modules\express\lib\view.js:61:11)
    at Function.render (C:\Users\Administrator\Desktop\express\node_modules\express\lib\application.js:570:12)
    at ServerResponse.render (C:\Users\Administrator\Desktop\express\node_modules\express\lib\response.js:1008:7)
    at C:\Users\Administrator\Desktop\express\app.js:55:7
    at Layer.handle_error (C:\Users\Administrator\Desktop\express\node_modules\express\lib\router\layer.js:71:5)
    at trim_prefix (C:\Users\Administrator\Desktop\express\node_modules\express\lib\router\index.js:315:13)
    at C:\Users\Administrator\Desktop\express\node_modules\express\lib\router\index.js:284:7
    at Function.process_params (C:\Users\Administrator\Desktop\express\node_modules\express\lib\router\index.js:335:12)
    at next (C:\Users\Administrator\Desktop\express\node_modules\express\lib\router\index.js:275:10)
    at C:\Users\Administrator\Desktop\express\app.js:44:3
2020-09-17 08:36:43: Error: No default engine was specified and no extension was provided.
    at new View (C:\Users\Administrator\Desktop\express\node_modules\express\lib\view.js:61:11)
    at Function.render (C:\Users\Administrator\Desktop\express\node_modules\express\lib\application.js:570:12)
    at ServerResponse.render (C:\Users\Administrator\Desktop\express\node_modules\express\lib\response.js:1008:7)
    at C:\Users\Administrator\Desktop\express\app.js:55:7
    at Layer.handle_error (C:\Users\Administrator\Desktop\express\node_modules\express\lib\router\layer.js:71:5)
    at trim_prefix (C:\Users\Administrator\Desktop\express\node_modules\express\lib\router\index.js:315:13)
    at C:\Users\Administrator\Desktop\express\node_modules\express\lib\router\index.js:284:7
    at Function.process_params (C:\Users\Administrator\Desktop\express\node_modules\express\lib\router\index.js:335:12)
    at next (C:\Users\Administrator\Desktop\express\node_modules\express\lib\router\index.js:275:10)
    at C:\Users\Administrator\Desktop\express\app.js:44:3
2020-09-17 09:35:23: Error: No default engine was specified and no extension was provided.
    at new View (C:\Users\Administrator\Desktop\express\node_modules\express\lib\view.js:61:11)
    at Function.render (C:\Users\Administrator\Desktop\express\node_modules\express\lib\application.js:570:12)
    at ServerResponse.render (C:\Users\Administrator\Desktop\express\node_modules\express\lib\response.js:1008:7)
    at C:\Users\Administrator\Desktop\express\app.js:55:7
    at Layer.handle_error (C:\Users\Administrator\Desktop\express\node_modules\express\lib\router\layer.js:71:5)
    at trim_prefix (C:\Users\Administrator\Desktop\express\node_modules\express\lib\router\index.js:315:13)
    at C:\Users\Administrator\Desktop\express\node_modules\express\lib\router\index.js:284:7
    at Function.process_params (C:\Users\Administrator\Desktop\express\node_modules\express\lib\router\index.js:335:12)
    at next (C:\Users\Administrator\Desktop\express\node_modules\express\lib\router\index.js:275:10)
    at C:\Users\Administrator\Desktop\express\app.js:44:3
2020-09-17 12:36:29: Error: No default engine was specified and no extension was provided.
    at new View (C:\Users\Administrator\Desktop\express\node_modules\express\lib\view.js:61:11)
    at Function.render (C:\Users\Administrator\Desktop\express\node_modules\express\lib\application.js:570:12)
    at ServerResponse.render (C:\Users\Administrator\Desktop\express\node_modules\express\lib\response.js:1008:7)
    at C:\Users\Administrator\Desktop\express\app.js:55:7
    at Layer.handle_error (C:\Users\Administrator\Desktop\express\node_modules\express\lib\router\layer.js:71:5)
    at trim_prefix (C:\Users\Administrator\Desktop\express\node_modules\express\lib\router\index.js:315:13)
    at C:\Users\Administrator\Desktop\express\node_modules\express\lib\router\index.js:284:7
    at Function.process_params (C:\Users\Administrator\Desktop\express\node_modules\express\lib\router\index.js:335:12)
    at next (C:\Users\Administrator\Desktop\express\node_modules\express\lib\router\index.js:275:10)
    at C:\Users\Administrator\Desktop\express\app.js:44:3
2020-09-17 14:35:30: Error: No default engine was specified and no extension was provided.
    at new View (C:\Users\Administrator\Desktop\express\node_modules\express\lib\view.js:61:11)
    at Function.render (C:\Users\Administrator\Desktop\express\node_modules\express\lib\application.js:570:12)
    at ServerResponse.render (C:\Users\Administrator\Desktop\express\node_modules\express\lib\response.js:1008:7)
    at C:\Users\Administrator\Desktop\express\app.js:55:7
    at Layer.handle_error (C:\Users\Administrator\Desktop\express\node_modules\express\lib\router\layer.js:71:5)
    at trim_prefix (C:\Users\Administrator\Desktop\express\node_modules\express\lib\router\index.js:315:13)
    at C:\Users\Administrator\Desktop\express\node_modules\express\lib\router\index.js:284:7
    at Function.process_params (C:\Users\Administrator\Desktop\express\node_modules\express\lib\router\index.js:335:12)
    at next (C:\Users\Administrator\Desktop\express\node_modules\express\lib\router\index.js:275:10)
    at C:\Users\Administrator\Desktop\express\app.js:44:3
2020-09-17 14:50:07: Error: No default engine was specified and no extension was provided.
    at new View (C:\Users\Administrator\Desktop\express\node_modules\express\lib\view.js:61:11)
    at Function.render (C:\Users\Administrator\Desktop\express\node_modules\express\lib\application.js:570:12)
    at ServerResponse.render (C:\Users\Administrator\Desktop\express\node_modules\express\lib\response.js:1008:7)
    at C:\Users\Administrator\Desktop\express\app.js:55:7
    at Layer.handle_error (C:\Users\Administrator\Desktop\express\node_modules\express\lib\router\layer.js:71:5)
    at trim_prefix (C:\Users\Administrator\Desktop\express\node_modules\express\lib\router\index.js:315:13)
    at C:\Users\Administrator\Desktop\express\node_modules\express\lib\router\index.js:284:7
    at Function.process_params (C:\Users\Administrator\Desktop\express\node_modules\express\lib\router\index.js:335:12)
    at next (C:\Users\Administrator\Desktop\express\node_modules\express\lib\router\index.js:275:10)
    at C:\Users\Administrator\Desktop\express\app.js:44:3
Error: Connection lost: The server closed the connection.
    at Protocol.end (C:\Users\Administrator\Desktop\express\node_modules\mysql\lib\protocol\Protocol.js:112:13)
    at Socket.<anonymous> (C:\Users\Administrator\Desktop\express\node_modules\mysql\lib\Connection.js:94:28)
    at Socket.<anonymous> (C:\Users\Administrator\Desktop\express\node_modules\mysql\lib\Connection.js:526:10)
    at Socket.emit (events.js:327:22)
    at endReadableNT (_stream_readable.js:1220:12)
    at processTicksAndRejections (internal/process/task_queues.js:84:21)
2020-09-17 16:25:07: Error: No default engine was specified and no extension was provided.
    at new View (C:\Users\Administrator\Desktop\express\node_modules\express\lib\view.js:61:11)
    at Function.render (C:\Users\Administrator\Desktop\express\node_modules\express\lib\application.js:570:12)
    at ServerResponse.render (C:\Users\Administrator\Desktop\express\node_modules\express\lib\response.js:1008:7)
    at C:\Users\Administrator\Desktop\express\app.js:55:7
    at Layer.handle_error (C:\Users\Administrator\Desktop\express\node_modules\express\lib\router\layer.js:71:5)
    at trim_prefix (C:\Users\Administrator\Desktop\express\node_modules\express\lib\router\index.js:315:13)
    at C:\Users\Administrator\Desktop\express\node_modules\express\lib\router\index.js:284:7
    at Function.process_params (C:\Users\Administrator\Desktop\express\node_modules\express\lib\router\index.js:335:12)
    at next (C:\Users\Administrator\Desktop\express\node_modules\express\lib\router\index.js:275:10)
    at C:\Users\Administrator\Desktop\express\app.js:44:3
Error: Connection lost: The server closed the connection.
    at Protocol.end (C:\Users\Administrator\Desktop\express\node_modules\mysql\lib\protocol\Protocol.js:112:13)
    at Socket.<anonymous> (C:\Users\Administrator\Desktop\express\node_modules\mysql\lib\Connection.js:94:28)
    at Socket.<anonymous> (C:\Users\Administrator\Desktop\express\node_modules\mysql\lib\Connection.js:526:10)
    at Socket.emit (events.js:327:22)
    at endReadableNT (_stream_readable.js:1220:12)
    at processTicksAndRejections (internal/process/task_queues.js:84:21)
2020-09-18 01:14:08: Error: No default engine was specified and no extension was provided.
    at new View (C:\Users\Administrator\Desktop\express\node_modules\express\lib\view.js:61:11)
    at Function.render (C:\Users\Administrator\Desktop\express\node_modules\express\lib\application.js:570:12)
    at ServerResponse.render (C:\Users\Administrator\Desktop\express\node_modules\express\lib\response.js:1008:7)
    at C:\Users\Administrator\Desktop\express\app.js:55:7
    at Layer.handle_error (C:\Users\Administrator\Desktop\express\node_modules\express\lib\router\layer.js:71:5)
    at trim_prefix (C:\Users\Administrator\Desktop\express\node_modules\express\lib\router\index.js:315:13)
    at C:\Users\Administrator\Desktop\express\node_modules\express\lib\router\index.js:284:7
    at Function.process_params (C:\Users\Administrator\Desktop\express\node_modules\express\lib\router\index.js:335:12)
    at next (C:\Users\Administrator\Desktop\express\node_modules\express\lib\router\index.js:275:10)
    at C:\Users\Administrator\Desktop\express\app.js:44:3
2020-09-18 01:15:45: Error: No default engine was specified and no extension was provided.
    at new View (C:\Users\Administrator\Desktop\express\node_modules\express\lib\view.js:61:11)
    at Function.render (C:\Users\Administrator\Desktop\express\node_modules\express\lib\application.js:570:12)
    at ServerResponse.render (C:\Users\Administrator\Desktop\express\node_modules\express\lib\response.js:1008:7)
    at C:\Users\Administrator\Desktop\express\app.js:55:7
    at Layer.handle_error (C:\Users\Administrator\Desktop\express\node_modules\express\lib\router\layer.js:71:5)
    at trim_prefix (C:\Users\Administrator\Desktop\express\node_modules\express\lib\router\index.js:315:13)
    at C:\Users\Administrator\Desktop\express\node_modules\express\lib\router\index.js:284:7
    at Function.process_params (C:\Users\Administrator\Desktop\express\node_modules\express\lib\router\index.js:335:12)
    at next (C:\Users\Administrator\Desktop\express\node_modules\express\lib\router\index.js:275:10)
    at C:\Users\Administrator\Desktop\express\app.js:44:3
2020-09-18 01:16:01: Error: No default engine was specified and no extension was provided.
    at new View (C:\Users\Administrator\Desktop\express\node_modules\express\lib\view.js:61:11)
    at Function.render (C:\Users\Administrator\Desktop\express\node_modules\express\lib\application.js:570:12)
    at ServerResponse.render (C:\Users\Administrator\Desktop\express\node_modules\express\lib\response.js:1008:7)
    at C:\Users\Administrator\Desktop\express\app.js:55:7
    at Layer.handle_error (C:\Users\Administrator\Desktop\express\node_modules\express\lib\router\layer.js:71:5)
    at trim_prefix (C:\Users\Administrator\Desktop\express\node_modules\express\lib\router\index.js:315:13)
    at C:\Users\Administrator\Desktop\express\node_modules\express\lib\router\index.js:284:7
    at Function.process_params (C:\Users\Administrator\Desktop\express\node_modules\express\lib\router\index.js:335:12)
    at next (C:\Users\Administrator\Desktop\express\node_modules\express\lib\router\index.js:275:10)
    at C:\Users\Administrator\Desktop\express\app.js:44:3
2020-09-18 01:16:01: Error: No default engine was specified and no extension was provided.
    at new View (C:\Users\Administrator\Desktop\express\node_modules\express\lib\view.js:61:11)
    at Function.render (C:\Users\Administrator\Desktop\express\node_modules\express\lib\application.js:570:12)
    at ServerResponse.render (C:\Users\Administrator\Desktop\express\node_modules\express\lib\response.js:1008:7)
    at C:\Users\Administrator\Desktop\express\app.js:55:7
    at Layer.handle_error (C:\Users\Administrator\Desktop\express\node_modules\express\lib\router\layer.js:71:5)
    at trim_prefix (C:\Users\Administrator\Desktop\express\node_modules\express\lib\router\index.js:315:13)
    at C:\Users\Administrator\Desktop\express\node_modules\express\lib\router\index.js:284:7
    at Function.process_params (C:\Users\Administrator\Desktop\express\node_modules\express\lib\router\index.js:335:12)
    at next (C:\Users\Administrator\Desktop\express\node_modules\express\lib\router\index.js:275:10)
    at C:\Users\Administrator\Desktop\express\app.js:44:3
2020-09-18 01:16:01: Error: No default engine was specified and no extension was provided.
    at new View (C:\Users\Administrator\Desktop\express\node_modules\express\lib\view.js:61:11)
    at Function.render (C:\Users\Administrator\Desktop\express\node_modules\express\lib\application.js:570:12)
    at ServerResponse.render (C:\Users\Administrator\Desktop\express\node_modules\express\lib\response.js:1008:7)
    at C:\Users\Administrator\Desktop\express\app.js:55:7
    at Layer.handle_error (C:\Users\Administrator\Desktop\express\node_modules\express\lib\router\layer.js:71:5)
    at trim_prefix (C:\Users\Administrator\Desktop\express\node_modules\express\lib\router\index.js:315:13)
    at C:\Users\Administrator\Desktop\express\node_modules\express\lib\router\index.js:284:7
    at Function.process_params (C:\Users\Administrator\Desktop\express\node_modules\express\lib\router\index.js:335:12)
    at next (C:\Users\Administrator\Desktop\express\node_modules\express\lib\router\index.js:275:10)
    at C:\Users\Administrator\Desktop\express\app.js:44:3
2020-09-18 01:16:04: Error: No default engine was specified and no extension was provided.
    at new View (C:\Users\Administrator\Desktop\express\node_modules\express\lib\view.js:61:11)
    at Function.render (C:\Users\Administrator\Desktop\express\node_modules\express\lib\application.js:570:12)
    at ServerResponse.render (C:\Users\Administrator\Desktop\express\node_modules\express\lib\response.js:1008:7)
    at C:\Users\Administrator\Desktop\express\app.js:55:7
    at Layer.handle_error (C:\Users\Administrator\Desktop\express\node_modules\express\lib\router\layer.js:71:5)
    at trim_prefix (C:\Users\Administrator\Desktop\express\node_modules\express\lib\router\index.js:315:13)
    at C:\Users\Administrator\Desktop\express\node_modules\express\lib\router\index.js:284:7
    at Function.process_params (C:\Users\Administrator\Desktop\express\node_modules\express\lib\router\index.js:335:12)
    at next (C:\Users\Administrator\Desktop\express\node_modules\express\lib\router\index.js:275:10)
    at C:\Users\Administrator\Desktop\express\app.js:44:3
2020-09-18 01:16:18: Error: No default engine was specified and no extension was provided.
    at new View (C:\Users\Administrator\Desktop\express\node_modules\express\lib\view.js:61:11)
    at Function.render (C:\Users\Administrator\Desktop\express\node_modules\express\lib\application.js:570:12)
    at ServerResponse.render (C:\Users\Administrator\Desktop\express\node_modules\express\lib\response.js:1008:7)
    at C:\Users\Administrator\Desktop\express\app.js:55:7
    at Layer.handle_error (C:\Users\Administrator\Desktop\express\node_modules\express\lib\router\layer.js:71:5)
    at trim_prefix (C:\Users\Administrator\Desktop\express\node_modules\express\lib\router\index.js:315:13)
    at C:\Users\Administrator\Desktop\express\node_modules\express\lib\router\index.js:284:7
    at Function.process_params (C:\Users\Administrator\Desktop\express\node_modules\express\lib\router\index.js:335:12)
    at next (C:\Users\Administrator\Desktop\express\node_modules\express\lib\router\index.js:275:10)
    at C:\Users\Administrator\Desktop\express\app.js:44:3
2020-09-18 01:16:18: Error: No default engine was specified and no extension was provided.
    at new View (C:\Users\Administrator\Desktop\express\node_modules\express\lib\view.js:61:11)
    at Function.render (C:\Users\Administrator\Desktop\express\node_modules\express\lib\application.js:570:12)
    at ServerResponse.render (C:\Users\Administrator\Desktop\express\node_modules\express\lib\response.js:1008:7)
    at C:\Users\Administrator\Desktop\express\app.js:55:7
    at Layer.handle_error (C:\Users\Administrator\Desktop\express\node_modules\express\lib\router\layer.js:71:5)
    at trim_prefix (C:\Users\Administrator\Desktop\express\node_modules\express\lib\router\index.js:315:13)
    at C:\Users\Administrator\Desktop\express\node_modules\express\lib\router\index.js:284:7
    at Function.process_params (C:\Users\Administrator\Desktop\express\node_modules\express\lib\router\index.js:335:12)
    at next (C:\Users\Administrator\Desktop\express\node_modules\express\lib\router\index.js:275:10)
    at C:\Users\Administrator\Desktop\express\app.js:44:3
Error: Connection lost: The server closed the connection.
    at Protocol.end (C:\Users\Administrator\Desktop\express\node_modules\mysql\lib\protocol\Protocol.js:112:13)
    at Socket.<anonymous> (C:\Users\Administrator\Desktop\express\node_modules\mysql\lib\Connection.js:94:28)
    at Socket.<anonymous> (C:\Users\Administrator\Desktop\express\node_modules\mysql\lib\Connection.js:526:10)
    at Socket.emit (events.js:327:22)
    at endReadableNT (_stream_readable.js:1220:12)
    at processTicksAndRejections (internal/process/task_queues.js:84:21)
2020-09-18 10:23:36: Error: No default engine was specified and no extension was provided.
    at new View (C:\Users\Administrator\Desktop\express\node_modules\express\lib\view.js:61:11)
    at Function.render (C:\Users\Administrator\Desktop\express\node_modules\express\lib\application.js:570:12)
    at ServerResponse.render (C:\Users\Administrator\Desktop\express\node_modules\express\lib\response.js:1008:7)
    at C:\Users\Administrator\Desktop\express\app.js:55:7
    at Layer.handle_error (C:\Users\Administrator\Desktop\express\node_modules\express\lib\router\layer.js:71:5)
    at trim_prefix (C:\Users\Administrator\Desktop\express\node_modules\express\lib\router\index.js:315:13)
    at C:\Users\Administrator\Desktop\express\node_modules\express\lib\router\index.js:284:7
    at Function.process_params (C:\Users\Administrator\Desktop\express\node_modules\express\lib\router\index.js:335:12)
    at next (C:\Users\Administrator\Desktop\express\node_modules\express\lib\router\index.js:275:10)
    at C:\Users\Administrator\Desktop\express\app.js:44:3
Error: Connection lost: The server closed the connection.
    at Protocol.end (C:\Users\Administrator\Desktop\express\node_modules\mysql\lib\protocol\Protocol.js:112:13)
    at Socket.<anonymous> (C:\Users\Administrator\Desktop\express\node_modules\mysql\lib\Connection.js:94:28)
    at Socket.<anonymous> (C:\Users\Administrator\Desktop\express\node_modules\mysql\lib\Connection.js:526:10)
    at Socket.emit (events.js:327:22)
    at endReadableNT (_stream_readable.js:1220:12)
    at processTicksAndRejections (internal/process/task_queues.js:84:21)
2020-09-18 16:48:36: Error: No default engine was specified and no extension was provided.
    at new View (C:\Users\Administrator\Desktop\express\node_modules\express\lib\view.js:61:11)
    at Function.render (C:\Users\Administrator\Desktop\express\node_modules\express\lib\application.js:570:12)
    at ServerResponse.render (C:\Users\Administrator\Desktop\express\node_modules\express\lib\response.js:1008:7)
    at C:\Users\Administrator\Desktop\express\app.js:55:7
    at Layer.handle_error (C:\Users\Administrator\Desktop\express\node_modules\express\lib\router\layer.js:71:5)
    at trim_prefix (C:\Users\Administrator\Desktop\express\node_modules\express\lib\router\index.js:315:13)
    at C:\Users\Administrator\Desktop\express\node_modules\express\lib\router\index.js:284:7
    at Function.process_params (C:\Users\Administrator\Desktop\express\node_modules\express\lib\router\index.js:335:12)
    at next (C:\Users\Administrator\Desktop\express\node_modules\express\lib\router\index.js:275:10)
    at C:\Users\Administrator\Desktop\express\app.js:44:3
2020-09-18 16:51:47: Error: No default engine was specified and no extension was provided.
    at new View (C:\Users\Administrator\Desktop\express\node_modules\express\lib\view.js:61:11)
    at Function.render (C:\Users\Administrator\Desktop\express\node_modules\express\lib\application.js:570:12)
    at ServerResponse.render (C:\Users\Administrator\Desktop\express\node_modules\express\lib\response.js:1008:7)
    at C:\Users\Administrator\Desktop\express\app.js:55:7
    at Layer.handle_error (C:\Users\Administrator\Desktop\express\node_modules\express\lib\router\layer.js:71:5)
    at trim_prefix (C:\Users\Administrator\Desktop\express\node_modules\express\lib\router\index.js:315:13)
    at C:\Users\Administrator\Desktop\express\node_modules\express\lib\router\index.js:284:7
    at Function.process_params (C:\Users\Administrator\Desktop\express\node_modules\express\lib\router\index.js:335:12)
    at next (C:\Users\Administrator\Desktop\express\node_modules\express\lib\router\index.js:275:10)
    at C:\Users\Administrator\Desktop\express\app.js:44:3
Error: Connection lost: The server closed the connection.
    at Protocol.end (C:\Users\Administrator\Desktop\express\node_modules\mysql\lib\protocol\Protocol.js:112:13)
    at Socket.<anonymous> (C:\Users\Administrator\Desktop\express\node_modules\mysql\lib\Connection.js:94:28)
    at Socket.<anonymous> (C:\Users\Administrator\Desktop\express\node_modules\mysql\lib\Connection.js:526:10)
    at Socket.emit (events.js:327:22)
    at endReadableNT (_stream_readable.js:1220:12)
    at processTicksAndRejections (internal/process/task_queues.js:84:21)
2020-09-19 02:03:05: Error: No default engine was specified and no extension was provided.
    at new View (C:\Users\Administrator\Desktop\express\node_modules\express\lib\view.js:61:11)
    at Function.render (C:\Users\Administrator\Desktop\express\node_modules\express\lib\application.js:570:12)
    at ServerResponse.render (C:\Users\Administrator\Desktop\express\node_modules\express\lib\response.js:1008:7)
    at C:\Users\Administrator\Desktop\express\app.js:55:7
    at Layer.handle_error (C:\Users\Administrator\Desktop\express\node_modules\express\lib\router\layer.js:71:5)
    at trim_prefix (C:\Users\Administrator\Desktop\express\node_modules\express\lib\router\index.js:315:13)
    at C:\Users\Administrator\Desktop\express\node_modules\express\lib\router\index.js:284:7
    at Function.process_params (C:\Users\Administrator\Desktop\express\node_modules\express\lib\router\index.js:335:12)
    at next (C:\Users\Administrator\Desktop\express\node_modules\express\lib\router\index.js:275:10)
    at C:\Users\Administrator\Desktop\express\app.js:44:3
Error: Connection lost: The server closed the connection.
    at Protocol.end (C:\Users\Administrator\Desktop\express\node_modules\mysql\lib\protocol\Protocol.js:112:13)
    at Socket.<anonymous> (C:\Users\Administrator\Desktop\express\node_modules\mysql\lib\Connection.js:94:28)
    at Socket.<anonymous> (C:\Users\Administrator\Desktop\express\node_modules\mysql\lib\Connection.js:526:10)
    at Socket.emit (events.js:327:22)
    at endReadableNT (_stream_readable.js:1220:12)
    at processTicksAndRejections (internal/process/task_queues.js:84:21)
2020-09-19 08:55:34: Error: No default engine was specified and no extension was provided.
    at new View (C:\Users\Administrator\Desktop\express\node_modules\express\lib\view.js:61:11)
    at Function.render (C:\Users\Administrator\Desktop\express\node_modules\express\lib\application.js:570:12)
    at ServerResponse.render (C:\Users\Administrator\Desktop\express\node_modules\express\lib\response.js:1008:7)
    at C:\Users\Administrator\Desktop\express\app.js:55:7
    at Layer.handle_error (C:\Users\Administrator\Desktop\express\node_modules\express\lib\router\layer.js:71:5)
    at trim_prefix (C:\Users\Administrator\Desktop\express\node_modules\express\lib\router\index.js:315:13)
    at C:\Users\Administrator\Desktop\express\node_modules\express\lib\router\index.js:284:7
    at Function.process_params (C:\Users\Administrator\Desktop\express\node_modules\express\lib\router\index.js:335:12)
    at next (C:\Users\Administrator\Desktop\express\node_modules\express\lib\router\index.js:275:10)
    at C:\Users\Administrator\Desktop\express\app.js:44:3
Error: Connection lost: The server closed the connection.
    at Protocol.end (C:\Users\Administrator\Desktop\express\node_modules\mysql\lib\protocol\Protocol.js:112:13)
    at Socket.<anonymous> (C:\Users\Administrator\Desktop\express\node_modules\mysql\lib\Connection.js:94:28)
    at Socket.<anonymous> (C:\Users\Administrator\Desktop\express\node_modules\mysql\lib\Connection.js:526:10)
    at Socket.emit (events.js:327:22)
    at endReadableNT (_stream_readable.js:1220:12)
    at processTicksAndRejections (internal/process/task_queues.js:84:21)
2020-09-19 15:50:11: Error: No default engine was specified and no extension was provided.
    at new View (C:\Users\Administrator\Desktop\express\node_modules\express\lib\view.js:61:11)
    at Function.render (C:\Users\Administrator\Desktop\express\node_modules\express\lib\application.js:570:12)
    at ServerResponse.render (C:\Users\Administrator\Desktop\express\node_modules\express\lib\response.js:1008:7)
    at C:\Users\Administrator\Desktop\express\app.js:55:7
    at Layer.handle_error (C:\Users\Administrator\Desktop\express\node_modules\express\lib\router\layer.js:71:5)
    at trim_prefix (C:\Users\Administrator\Desktop\express\node_modules\express\lib\router\index.js:315:13)
    at C:\Users\Administrator\Desktop\express\node_modules\express\lib\router\index.js:284:7
    at Function.process_params (C:\Users\Administrator\Desktop\express\node_modules\express\lib\router\index.js:335:12)
    at next (C:\Users\Administrator\Desktop\express\node_modules\express\lib\router\index.js:275:10)
    at C:\Users\Administrator\Desktop\express\app.js:44:3
2020-09-19 15:50:12: Error: No default engine was specified and no extension was provided.
    at new View (C:\Users\Administrator\Desktop\express\node_modules\express\lib\view.js:61:11)
    at Function.render (C:\Users\Administrator\Desktop\express\node_modules\express\lib\application.js:570:12)
    at ServerResponse.render (C:\Users\Administrator\Desktop\express\node_modules\express\lib\response.js:1008:7)
    at C:\Users\Administrator\Desktop\express\app.js:55:7
    at Layer.handle_error (C:\Users\Administrator\Desktop\express\node_modules\express\lib\router\layer.js:71:5)
    at trim_prefix (C:\Users\Administrator\Desktop\express\node_modules\express\lib\router\index.js:315:13)
    at C:\Users\Administrator\Desktop\express\node_modules\express\lib\router\index.js:284:7
    at Function.process_params (C:\Users\Administrator\Desktop\express\node_modules\express\lib\router\index.js:335:12)
    at next (C:\Users\Administrator\Desktop\express\node_modules\express\lib\router\index.js:275:10)
    at C:\Users\Administrator\Desktop\express\app.js:44:3
2020-09-19 17:00:37: Error: No default engine was specified and no extension was provided.
    at new View (C:\Users\Administrator\Desktop\express\node_modules\express\lib\view.js:61:11)
    at Function.render (C:\Users\Administrator\Desktop\express\node_modules\express\lib\application.js:570:12)
    at ServerResponse.render (C:\Users\Administrator\Desktop\express\node_modules\express\lib\response.js:1008:7)
    at C:\Users\Administrator\Desktop\express\app.js:55:7
    at Layer.handle_error (C:\Users\Administrator\Desktop\express\node_modules\express\lib\router\layer.js:71:5)
    at trim_prefix (C:\Users\Administrator\Desktop\express\node_modules\express\lib\router\index.js:315:13)
    at C:\Users\Administrator\Desktop\express\node_modules\express\lib\router\index.js:284:7
    at Function.process_params (C:\Users\Administrator\Desktop\express\node_modules\express\lib\router\index.js:335:12)
    at next (C:\Users\Administrator\Desktop\express\node_modules\express\lib\router\index.js:275:10)
    at C:\Users\Administrator\Desktop\express\app.js:44:3
2020-09-19 17:52:11: Error: No default engine was specified and no extension was provided.
    at new View (C:\Users\Administrator\Desktop\express\node_modules\express\lib\view.js:61:11)
    at Function.render (C:\Users\Administrator\Desktop\express\node_modules\express\lib\application.js:570:12)
    at ServerResponse.render (C:\Users\Administrator\Desktop\express\node_modules\express\lib\response.js:1008:7)
    at C:\Users\Administrator\Desktop\express\app.js:55:7
    at Layer.handle_error (C:\Users\Administrator\Desktop\express\node_modules\express\lib\router\layer.js:71:5)
    at trim_prefix (C:\Users\Administrator\Desktop\express\node_modules\express\lib\router\index.js:315:13)
    at C:\Users\Administrator\Desktop\express\node_modules\express\lib\router\index.js:284:7
    at Function.process_params (C:\Users\Administrator\Desktop\express\node_modules\express\lib\router\index.js:335:12)
    at next (C:\Users\Administrator\Desktop\express\node_modules\express\lib\router\index.js:275:10)
    at C:\Users\Administrator\Desktop\express\app.js:44:3
Error: Connection lost: The server closed the connection.
    at Protocol.end (C:\Users\Administrator\Desktop\express\node_modules\mysql\lib\protocol\Protocol.js:112:13)
    at Socket.<anonymous> (C:\Users\Administrator\Desktop\express\node_modules\mysql\lib\Connection.js:94:28)
    at Socket.<anonymous> (C:\Users\Administrator\Desktop\express\node_modules\mysql\lib\Connection.js:526:10)
    at Socket.emit (events.js:327:22)
    at endReadableNT (_stream_readable.js:1220:12)
    at processTicksAndRejections (internal/process/task_queues.js:84:21)
2020-09-20 01:34:41: Error: No default engine was specified and no extension was provided.
    at new View (C:\Users\Administrator\Desktop\express\node_modules\express\lib\view.js:61:11)
    at Function.render (C:\Users\Administrator\Desktop\express\node_modules\express\lib\application.js:570:12)
    at ServerResponse.render (C:\Users\Administrator\Desktop\express\node_modules\express\lib\response.js:1008:7)
    at C:\Users\Administrator\Desktop\express\app.js:55:7
    at Layer.handle_error (C:\Users\Administrator\Desktop\express\node_modules\express\lib\router\layer.js:71:5)
    at trim_prefix (C:\Users\Administrator\Desktop\express\node_modules\express\lib\router\index.js:315:13)
    at C:\Users\Administrator\Desktop\express\node_modules\express\lib\router\index.js:284:7
    at Function.process_params (C:\Users\Administrator\Desktop\express\node_modules\express\lib\router\index.js:335:12)
    at next (C:\Users\Administrator\Desktop\express\node_modules\express\lib\router\index.js:275:10)
    at C:\Users\Administrator\Desktop\express\app.js:44:3
2020-09-20 02:04:21: Error: No default engine was specified and no extension was provided.
    at new View (C:\Users\Administrator\Desktop\express\node_modules\express\lib\view.js:61:11)
    at Function.render (C:\Users\Administrator\Desktop\express\node_modules\express\lib\application.js:570:12)
    at ServerResponse.render (C:\Users\Administrator\Desktop\express\node_modules\express\lib\response.js:1008:7)
    at C:\Users\Administrator\Desktop\express\app.js:55:7
    at Layer.handle_error (C:\Users\Administrator\Desktop\express\node_modules\express\lib\router\layer.js:71:5)
    at trim_prefix (C:\Users\Administrator\Desktop\express\node_modules\express\lib\router\index.js:315:13)
    at C:\Users\Administrator\Desktop\express\node_modules\express\lib\router\index.js:284:7
    at Function.process_params (C:\Users\Administrator\Desktop\express\node_modules\express\lib\router\index.js:335:12)
    at next (C:\Users\Administrator\Desktop\express\node_modules\express\lib\router\index.js:275:10)
    at C:\Users\Administrator\Desktop\express\app.js:44:3
Error: Connection lost: The server closed the connection.
    at Protocol.end (C:\Users\Administrator\Desktop\express\node_modules\mysql\lib\protocol\Protocol.js:112:13)
    at Socket.<anonymous> (C:\Users\Administrator\Desktop\express\node_modules\mysql\lib\Connection.js:94:28)
    at Socket.<anonymous> (C:\Users\Administrator\Desktop\express\node_modules\mysql\lib\Connection.js:526:10)
    at Socket.emit (events.js:327:22)
    at endReadableNT (_stream_readable.js:1220:12)
    at processTicksAndRejections (internal/process/task_queues.js:84:21)
