2020-09-16 18:03:04: production
2020-09-16 18:03:51: production
2020-09-16 18:04:28: production
2020-09-16 18:04:34: production
2020-09-16 18:25:36: production
2020-09-16 18:25:53: [0mPOST /api/user/login [32m200 [0m22.039 ms - 11[0m
2020-09-16 18:25:54: [0mGET /api/blog/list?isadmin=1 [36m304 [0m3.190 ms - -[0m
2020-09-16 18:27:25: [0mGET /api/blog/detail?id=1 [32m200 [0m2.756 ms - 114[0m
2020-09-16 18:27:31: [0mPOST /api/blog/update?id=1 [32m200 [0m6.240 ms - 11[0m
2020-09-16 18:27:33: [0mGET /api/blog/list?isadmin=1 [32m200 [0m4.203 ms - 113[0m
2020-09-16 18:27:34: [0mGET /api/blog/detail?id=1 [32m200 [0m2.154 ms - 111[0m
2020-09-16 18:27:35: [0mPOST /api/blog/update?id=1 [32m200 [0m2.254 ms - 11[0m
2020-09-16 18:27:37: [0mGET /api/blog/list?isadmin=1 [36m304 [0m2.121 ms - -[0m
2020-09-17 02:19:35: [0mGET http://www.baidu.com/cache/global/img/gs.gif [33m404 [0m3.421 ms - 136[0m
2020-09-17 02:27:38: production
2020-09-17 02:49:05: [0mGET / [33m404 [0m6.095 ms - 136[0m
2020-09-17 03:37:11: [0mGET / [33m404 [0m1.134 ms - 136[0m
2020-09-17 04:34:45: [0mGET / [33m404 [0m1.063 ms - 136[0m
2020-09-17 05:36:52: [0mGET / [33m404 [0m1.040 ms - 136[0m
2020-09-17 06:31:37: [0mPOST /api/user/login [32m200 [0m63.083 ms - 37[0m
2020-09-17 06:31:46: [0mPOST /api/user/login [32m200 [0m3.698 ms - 11[0m
2020-09-17 06:31:46: [0mGET /api/blog/list?isadmin=1 [32m200 [0m2.561 ms - 113[0m
2020-09-17 06:31:49: [0mGET /api/blog/detail?id=1 [32m200 [0m2.376 ms - 111[0m
2020-09-17 06:31:54: [0mPOST /api/blog/update?id=1 [32m200 [0m31.901 ms - 11[0m
2020-09-17 06:31:55: [0mGET /api/blog/list?isadmin=1 [32m200 [0m2.201 ms - 120[0m
2020-09-17 06:32:19: [0mGET /api/blog/detail?id=1 [32m200 [0m1.975 ms - 118[0m
2020-09-17 06:32:24: [0mPOST /api/blog/update?id=1 [32m200 [0m28.605 ms - 11[0m
2020-09-17 06:32:25: [0mGET /api/blog/list?isadmin=1 [32m200 [0m1.976 ms - 135[0m
2020-09-17 07:05:35: [0mGET /api/blog/list [32m200 [0m1.969 ms - 135[0m
2020-09-17 07:35:40: [0mGET /api/blog/list [32m200 [0m1.786 ms - 135[0m
2020-09-17 07:35:54: [0mGET /api/blog/list [36m304 [0m1.879 ms - -[0m
2020-09-17 07:36:02: [0mGET /api/blog/list [36m304 [0m2.486 ms - -[0m
2020-09-17 07:36:49: [0mGET /api/blog/list [36m304 [0m1.748 ms - -[0m
2020-09-17 07:36:58: [0mGET /api/blog/list [36m304 [0m1.744 ms - -[0m
2020-09-17 07:37:16: [0mGET /api/blog/list [36m304 [0m1.765 ms - -[0m
2020-09-17 07:42:39: [0mGET /api/blog/list [32m200 [0m1.724 ms - 135[0m
2020-09-17 08:08:50: [0mGET / [33m404 [0m0.988 ms - 136[0m
2020-09-17 08:36:44: [0mGET / [33m404 [0m1.024 ms - 136[0m
2020-09-17 09:35:23: [0mGET / [33m404 [0m0.987 ms - 136[0m
2020-09-17 12:36:29: [0mGET /smb_scheduler/cdr.htm [33m404 [0m1.151 ms - 136[0m
2020-09-17 14:35:30: [0mGET http://example.com/ [33m404 [0m1.160 ms - 136[0m
2020-09-17 14:50:07: [0mGET / [33m404 [0m1.032 ms - 136[0m
2020-09-17 15:42:42: production
2020-09-17 16:25:07: [0mGET / [33m404 [0m6.103 ms - 136[0m
2020-09-17 23:42:43: production
2020-09-18 01:14:08: [0mGET / [33m404 [0m5.931 ms - 136[0m
2020-09-18 01:15:45: [0mPOST /sdk [33m404 [0m1.553 ms - 136[0m
2020-09-18 01:16:01: [0mGET /nmaplowercheck1600362945 [33m404 [0m1.039 ms - 136[0m
2020-09-18 01:16:01: [0mGET /evox/about [33m404 [0m0.896 ms - 136[0m
2020-09-18 01:16:01: [0mGET /HNAP1 [33m404 [0m0.846 ms - 136[0m
2020-09-18 01:16:04: [0mGET / [33m404 [0m1.016 ms - 136[0m
2020-09-18 01:16:18: [0mGET / [33m404 [0m1.051 ms - 136[0m
2020-09-18 01:16:18: [0mGET / [33m404 [0m0.862 ms - 136[0m
2020-09-18 07:42:44: production
2020-09-18 10:23:36: [0mGET http://example.com/ [33m404 [0m6.149 ms - 136[0m
2020-09-18 15:42:45: production
2020-09-18 16:48:36: [0mGET / [33m404 [0m5.938 ms - 136[0m
2020-09-18 16:51:47: [0mGET http://www.baidu.com/cache/global/img/gs.gif [33m404 [0m1.107 ms - 136[0m
2020-09-18 23:42:46: production
2020-09-19 02:03:05: [0mGET / [33m404 [0m6.080 ms - 136[0m
2020-09-19 07:42:48: production
2020-09-19 08:55:34: [0mGET http://www.baidu.com/cache/global/img/gs.gif [33m404 [0m6.137 ms - 136[0m
2020-09-19 15:42:49: production
2020-09-19 15:50:11: [0mGET / [33m404 [0m6.089 ms - 136[0m
2020-09-19 15:50:12: [0mGET /index.php [33m404 [0m1.168 ms - 136[0m
2020-09-19 17:00:37: [0mGET / [33m404 [0m1.027 ms - 136[0m
2020-09-19 17:52:11: [0mGET / [33m404 [0m1.020 ms - 136[0m
2020-09-19 23:42:50: production
2020-09-20 01:34:41: [0mGET http://www.baidu.com/cache/global/img/gs.gif [33m404 [0m6.245 ms - 136[0m
2020-09-20 02:04:21: [0mGET / [33m404 [0m1.072 ms - 136[0m
2020-09-20 07:42:51: production
2020-09-20 09:50:40: production
2020-09-20 09:50:55: production
2020-09-20 09:53:37: production
2020-09-20 09:54:08: production
2020-09-20 09:57:39: production
2020-09-20 17:57:40: production
2020-09-21 01:57:42: production
2020-09-21 09:57:43: production
2020-09-21 10:00:58: [0mGET / [33m404 [0m6.152 ms - 136[0m
2020-09-21 17:57:45: production
2020-09-22 01:57:47: production
2020-09-22 09:57:48: production
2020-09-22 17:57:50: production
2020-09-23 01:57:52: production
2020-09-23 04:55:39: [0mGET /Public/Home/statics/web/js/style.js [33m404 [0m10.701 ms - 136[0m
2020-09-23 04:55:39: [0mGET /static/index/js/lk/order.js [33m404 [0m0.825 ms - 136[0m
2020-09-23 04:55:39: [0mGET /static/js/winScale.js [33m404 [0m0.907 ms - 136[0m
2020-09-23 09:57:53: production
2020-09-23 17:57:56: production
2020-09-24 01:57:57: production
2020-09-24 09:57:59: production
2020-09-24 17:58:00: production
2020-09-25 01:58:01: production
2020-09-25 09:58:02: production
2020-09-25 17:58:04: production
2020-09-26 01:58:05: production
2020-09-26 09:58:07: production
2020-09-26 17:58:09: production
2020-09-27 01:58:12: production
2020-09-27 09:58:15: production
2020-09-27 17:58:17: production
2020-09-28 01:58:20: production
2020-09-28 09:58:22: production
2020-09-28 13:04:41: production
2020-09-28 13:04:50: production
2020-09-28 13:07:03: production
2020-09-28 13:15:44: production
2020-09-28 13:15:54: production
2020-09-28 13:18:17: production
2020-09-28 13:18:22: production
2020-09-28 13:20:06: production
2020-09-28 13:21:11: production
2020-09-28 13:21:29: production
2020-09-28 13:21:49: production
2020-09-28 13:22:07: production
2020-09-28 13:22:47: production
