2020-09-16 18:03:04: production
2020-09-16 18:03:51: production
2020-09-16 18:04:27: production
2020-09-16 18:04:34: production
2020-09-16 18:25:36: production
2020-09-17 02:25:39: production
2020-09-17 10:25:41: production
2020-09-17 12:36:29: [0mGET /index.html?findcli=-1 [33m404 [0m6.173 ms - 136[0m
2020-09-17 18:25:43: production
2020-09-18 02:25:46: production
2020-09-18 10:25:49: production
2020-09-18 18:25:50: production
2020-09-19 02:25:52: production
2020-09-19 10:25:53: production
2020-09-19 18:25:54: production
2020-09-20 02:25:55: production
2020-09-20 09:50:40: production
2020-09-20 09:50:55: production
2020-09-20 09:53:37: production
2020-09-20 09:54:08: production
2020-09-20 09:57:39: production
2020-09-20 10:07:24: [0mGET /api/blog/list [36m304 [0m56.782 ms - -[0m
2020-09-20 11:55:23: [0mGET / [33m404 [0m3.649 ms - 136[0m
2020-09-20 11:55:23: [0mGET / [33m404 [0m1.014 ms - 136[0m
2020-09-20 11:55:29: [0mPOST /onvif/device_service [33m404 [0m2.322 ms - 136[0m
2020-09-20 17:10:22: [0mGET http://www.baidu.com/cache/global/img/gs.gif [33m404 [0m1.007 ms - 136[0m
2020-09-20 18:07:25: production
2020-09-20 23:05:48: [0mGET /cityjson?ie=utf-8 [33m404 [0m5.982 ms - 136[0m
2020-09-21 02:07:26: production
2020-09-21 02:18:51: [0mGET /manager/html [33m404 [0m6.282 ms - 136[0m
2020-09-21 02:48:10: [0mGET http://www.baidu.com/cache/global/img/gs.gif [33m404 [0m1.147 ms - 136[0m
2020-09-21 03:55:46: [0mGET / [33m404 [0m1.081 ms - 136[0m
2020-09-21 07:04:54: [0mHEAD http://112.124.42.80:63435/ [33m404 [0m2.301 ms - 136[0m
2020-09-21 09:01:42: [0mGET / [33m404 [0m1.010 ms - 136[0m
2020-09-21 10:07:27: production
2020-09-21 18:07:28: production
2020-09-21 19:16:31: [0mGET http://www.baidu.com/cache/global/img/gs.gif [33m404 [0m6.176 ms - 136[0m
2020-09-21 21:49:30: [0mGET / [33m404 [0m1.143 ms - 136[0m
2020-09-22 00:58:28: [0mGET /manager/html [33m404 [0m1.023 ms - 136[0m
2020-09-22 02:07:29: production
2020-09-22 05:41:37: [0mGET / [33m404 [0m6.001 ms - 136[0m
2020-09-22 07:48:03: [0mGET http://www.baidu.com/cache/global/img/gs.gif [33m404 [0m1.126 ms - 136[0m
2020-09-22 10:07:30: production
2020-09-22 17:24:28: [0mGET http://www.baidu.com/cache/global/img/gs.gif [33m404 [0m8.004 ms - 136[0m
2020-09-22 18:07:31: production
2020-09-22 19:14:29: [0mGET / [33m404 [0m6.391 ms - 136[0m
2020-09-23 01:12:48: [0mGET / [33m404 [0m1.111 ms - 136[0m
2020-09-23 02:07:32: production
2020-09-23 03:02:13: [0mGET http://www.baidu.com/cache/global/img/gs.gif [33m404 [0m5.950 ms - 136[0m
2020-09-23 04:19:18: [0mGET http://example.com/ [33m404 [0m1.116 ms - 136[0m
2020-09-23 04:55:39: [0mGET /Public/mobile/js/config.js [33m404 [0m1.086 ms - 136[0m
2020-09-23 04:55:39: [0mGET /cloud-app/include/css/uncall.css [33m404 [0m0.900 ms - 136[0m
2020-09-23 04:55:39: [0mGET /jsonpublic/selectAddtion.asp [33m404 [0m0.773 ms - 136[0m
2020-09-23 04:55:39: [0mGET /Loan/SubmitLogin [33m404 [0m0.828 ms - 136[0m
2020-09-23 04:55:39: [0mGET /Public/home/appjs/Index.js [33m404 [0m0.816 ms - 136[0m
2020-09-23 04:55:39: [0mGET /Public/Manage/js/cvphp.js [33m404 [0m0.791 ms - 136[0m
2020-09-23 04:55:39: [0mGET /index.php?g=Pay&m=Res&a=ispay [33m404 [0m0.820 ms - 136[0m
2020-09-23 04:55:39: [0mGET /Application/Basic/Static/css/customerselect.css [33m404 [0m0.740 ms - 136[0m
2020-09-23 04:55:39: [0mGET /Six/Js/class_12.js [33m404 [0m0.760 ms - 136[0m
2020-09-23 04:55:39: [0mGET /views/bank/bank.html [33m404 [0m1.197 ms - 136[0m
2020-09-23 04:55:39: [0mGET /case/ [33m404 [0m2.577 ms - 136[0m
2020-09-23 04:55:39: [0mGET /11.txt [33m404 [0m2.301 ms - 136[0m
2020-09-23 04:55:39: [0mGET /app/common.js?version=2.4.43&build=1563436823 [33m404 [0m1.931 ms - 136[0m
2020-09-23 04:55:39: [0mGET /resources/main/common.js [33m404 [0m0.712 ms - 136[0m
2020-09-23 04:55:39: [0mGET /Public/js/chatmsg.js [33m404 [0m1.002 ms - 136[0m
2020-09-23 04:55:39: [0mGET /index/index/register1/type/1.html [33m404 [0m0.719 ms - 136[0m
2020-09-23 04:55:39: [0mGET /mindex/statics/js/qiandao.js [33m404 [0m0.748 ms - 136[0m
2020-09-23 04:55:39: [0mGET /js/sms.js [33m404 [0m0.693 ms - 136[0m
2020-09-23 04:55:39: [0mGET /static/index.css [33m404 [0m0.742 ms - 136[0m
2020-09-23 04:55:39: [0mGET /Template/Home/Run/record.html [33m404 [0m0.677 ms - 136[0m
2020-09-23 04:55:39: [0mGET /Public/Wchat/js/cvphp.js [33m404 [0m0.673 ms - 136[0m
2020-09-23 04:55:39: [0mGET /api/v1/member/home [33m404 [0m0.672 ms - 136[0m
2020-09-23 04:55:39: [0mGET /lateron.asp [33m404 [0m0.686 ms - 136[0m
2020-09-23 04:55:39: [0mGET /source/pack/upload/install/ios.php [33m404 [0m0.771 ms - 136[0m
2020-09-23 04:55:39: [0mGET /phpcms/modules/member/touzi.php [33m404 [0m0.753 ms - 136[0m
2020-09-23 04:55:39: [0mGET /pczs/js/trendChart.js [33m404 [0m1.785 ms - 136[0m
2020-09-23 04:55:39: [0mGET /static/admin/js/cvphp.js [33m404 [0m0.701 ms - 136[0m
2020-09-23 04:55:39: [0mGET /Pay/index.php [33m404 [0m0.681 ms - 136[0m
2020-09-23 04:55:39: [0mGET /index2.php [33m404 [0m0.624 ms - 136[0m
2020-09-23 04:55:39: [0mGET /js/room.js [33m404 [0m0.727 ms - 136[0m
2020-09-23 10:07:33: production
2020-09-23 12:40:46: [0mGET http://www.baidu.com/cache/global/img/gs.gif [33m404 [0m7.395 ms - 136[0m
2020-09-23 15:37:03: [0mGET http://www.ip138.com/ [33m404 [0m1.553 ms - 136[0m
2020-09-23 18:07:35: production
2020-09-23 22:15:59: [0mGET http://www.baidu.com/cache/global/img/gs.gif [33m404 [0m6.214 ms - 136[0m
2020-09-24 02:07:36: production
2020-09-24 04:02:23: [0mGET / [33m404 [0m6.017 ms - 136[0m
2020-09-24 05:36:17: [0mGET http://www.baidu.com/cache/global/img/gs.gif [33m404 [0m1.097 ms - 136[0m
2020-09-24 07:54:01: [0mGET http://www.baidu.com/cache/global/img/gs.gif [33m404 [0m1.120 ms - 136[0m
2020-09-24 10:07:37: production
2020-09-24 11:47:26: [0mGET http://example.com/ [33m404 [0m5.955 ms - 136[0m
2020-09-24 13:05:19: [0mGET / [33m404 [0m1.246 ms - 136[0m
2020-09-24 13:56:45: [0mGET http://www.baidu.com/cache/global/img/gs.gif [33m404 [0m1.079 ms - 136[0m
2020-09-24 14:23:44: [0mGET / [33m404 [0m1.081 ms - 136[0m
2020-09-24 14:52:25: [0mGET / [33m404 [0m1.038 ms - 136[0m
2020-09-24 15:55:41: [0mGET / [33m404 [0m1.122 ms - 136[0m
2020-09-24 17:32:24: [0mGET http://www.baidu.com/cache/global/img/gs.gif [33m404 [0m1.115 ms - 136[0m
2020-09-24 18:07:38: production
2020-09-24 22:17:06: [0mGET http://www.baidu.com/cache/global/img/gs.gif [33m404 [0m6.124 ms - 136[0m
2020-09-24 23:34:06: [0mGET / [33m404 [0m1.218 ms - 136[0m
2020-09-24 23:35:38: [0mGET / [33m404 [0m1.324 ms - 136[0m
2020-09-24 23:35:49: [0mPOST /sdk [33m404 [0m1.665 ms - 136[0m
2020-09-24 23:35:54: [0mGET /nmaplowercheck1600961734 [33m404 [0m1.397 ms - 136[0m
2020-09-24 23:35:54: [0mGET /HNAP1 [33m404 [0m0.995 ms - 136[0m
2020-09-24 23:35:56: [0mGET /evox/about [33m404 [0m1.544 ms - 136[0m
2020-09-24 23:36:07: [0mGET / [33m404 [0m1.025 ms - 136[0m
2020-09-24 23:36:08: [0mGET / [33m404 [0m0.966 ms - 136[0m
2020-09-25 02:07:39: production
2020-09-25 02:31:41: [0mGET / [33m404 [0m6.078 ms - 136[0m
2020-09-25 02:33:06: [0mGET / [33m404 [0m1.080 ms - 136[0m
2020-09-25 03:09:36: [0mGET http://www.baidu.com/cache/global/img/gs.gif [33m404 [0m1.097 ms - 136[0m
2020-09-25 04:09:46: [0mGET http://example.com/ [33m404 [0m1.103 ms - 136[0m
2020-09-25 09:30:35: [0mGET /struts2-rest-showcase/orders.xhtml [33m404 [0m1.111 ms - 136[0m
2020-09-25 09:30:36: [0mGET /index.action [33m404 [0m1.773 ms - 136[0m
2020-09-25 09:30:36: [0mGET /index.do [33m404 [0m1.145 ms - 136[0m
2020-09-25 10:07:40: production
2020-09-25 12:49:45: [0mGET http://www.baidu.com/cache/global/img/gs.gif [33m404 [0m5.796 ms - 136[0m
2020-09-25 13:50:11: [0mGET / [33m404 [0m1.141 ms - 136[0m
2020-09-25 18:07:41: production
2020-09-25 19:34:31: [0mGET / [33m404 [0m5.980 ms - 136[0m
2020-09-25 22:28:51: [0mGET http://www.baidu.com/cache/global/img/gs.gif [33m404 [0m1.137 ms - 136[0m
2020-09-25 23:11:10: [0mGET / [33m404 [0m1.118 ms - 136[0m
2020-09-26 00:18:39: [0mHEAD / [33m404 [0m2.138 ms - 136[0m
2020-09-26 01:21:10: [0mGET / [33m404 [0m1.037 ms - 136[0m
2020-09-26 02:07:42: production
2020-09-26 06:39:51: [0mGET / [33m404 [0m138.680 ms - 136[0m
2020-09-26 08:08:30: [0mGET http://www.baidu.com/cache/global/img/gs.gif [33m404 [0m1.254 ms - 136[0m
2020-09-26 10:07:44: production
2020-09-26 11:07:28: [0mGET / [33m404 [0m6.384 ms - 136[0m
2020-09-26 12:47:57: [0mGET / [33m404 [0m1.108 ms - 136[0m
2020-09-26 17:48:17: [0mGET http://www.baidu.com/cache/global/img/gs.gif [33m404 [0m1.204 ms - 136[0m
2020-09-26 18:07:45: production
2020-09-26 20:10:49: [0mGET / [33m404 [0m6.244 ms - 136[0m
2020-09-26 21:48:38: [0mGET / [33m404 [0m1.103 ms - 136[0m
2020-09-27 02:07:46: production
2020-09-27 03:28:52: [0mGET http://www.baidu.com/cache/global/img/gs.gif [33m404 [0m6.123 ms - 136[0m
2020-09-27 04:35:26: [0mGET http://example.com/ [33m404 [0m1.124 ms - 136[0m
2020-09-27 04:57:25: [0mGET / [33m404 [0m1.397 ms - 136[0m
2020-09-27 07:07:15: [0mHEAD / [33m404 [0m2.142 ms - 136[0m
2020-09-27 08:37:19: [0mGET http://www.baidu.com/cache/global/img/gs.gif [33m404 [0m1.011 ms - 136[0m
2020-09-27 10:07:47: production
2020-09-27 13:09:13: [0mGET http://www.baidu.com/cache/global/img/gs.gif [33m404 [0m6.193 ms - 136[0m
2020-09-27 16:57:34: [0mGET http://www.baidu.com/cache/global/img/gs.gif [33m404 [0m1.123 ms - 136[0m
2020-09-27 18:07:48: production
2020-09-27 22:48:45: [0mGET http://www.baidu.com/cache/global/img/gs.gif [33m404 [0m39.000 ms - 136[0m
2020-09-28 01:17:13: [0mGET http://www.baidu.com/cache/global/img/gs.gif [33m404 [0m1.143 ms - 136[0m
2020-09-28 02:07:49: production
2020-09-28 07:45:11: [0mGET / [33m404 [0m6.058 ms - 136[0m
2020-09-28 08:28:57: [0mGET http://www.baidu.com/cache/global/img/gs.gif [33m404 [0m1.159 ms - 136[0m
2020-09-28 10:07:50: production
2020-09-28 10:40:38: [0mGET / [33m404 [0m6.201 ms - 136[0m
2020-09-28 13:04:40: production
2020-09-28 13:04:49: production
2020-09-28 13:07:04: production
2020-09-28 13:15:43: production
2020-09-28 13:15:54: production
2020-09-28 13:18:18: production
2020-09-28 13:18:23: production
2020-09-28 13:20:06: production
2020-09-28 13:21:11: production
2020-09-28 13:21:29: production
2020-09-28 13:21:49: production
2020-09-28 13:22:07: production
2020-09-28 13:22:48: production
