2020-09-16 18:25:36: production
2020-09-17 02:25:39: production
2020-09-17 10:25:41: production
2020-09-17 11:57:29: [0mGET http://www.baidu.com/cache/global/img/gs.gif [33m404 [0m6.131 ms - 136[0m
2020-09-17 12:36:29: [0mGET /static/css/system/login.css?v=SimCloud%20V1.1.0_2018112816 [33m404 [0m1.238 ms - 136[0m
2020-09-17 12:36:29: [0mGET / [33m404 [0m0.876 ms - 136[0m
2020-09-17 12:36:29: [0mGET /goip/cron.htm [33m404 [0m0.820 ms - 136[0m
2020-09-17 18:25:43: production
2020-09-18 02:25:46: production
2020-09-18 04:31:55: [0mGET / [33m404 [0m5.997 ms - 136[0m
2020-09-18 06:40:40: [0mGET /api/blog/list [36m304 [0m5.543 ms - -[0m
2020-09-18 06:43:12: [0mGET /api/blog/list [36m304 [0m1.921 ms - -[0m
2020-09-18 07:13:39: [0mGET http://www.baidu.com/cache/global/img/gs.gif [33m404 [0m1.085 ms - 136[0m
2020-09-18 14:43:13: production
2020-09-18 22:43:14: production
2020-09-19 06:43:16: production
2020-09-19 06:56:17: [0mGET / [33m404 [0m6.316 ms - 136[0m
2020-09-19 14:43:17: production
2020-09-19 22:43:20: production
2020-09-20 06:43:21: production
2020-09-20 07:27:16: [0mGET http://www.baidu.com/cache/global/img/gs.gif [33m404 [0m6.153 ms - 136[0m
